<?xml version="1.0" encoding="utf-8"?>
<CoverageSession xmlns:xsd="http://www.w3.org/2001/XMLSchema" xmlns:xsi="http://www.w3.org/2001/XMLSchema-instance" Version="4.7.922.0">
  <Summary numSequencePoints="2030" visitedSequencePoints="2030" numBranchPoints="1638" visitedBranchPoints="1504" sequenceCoverage="100" branchCoverage="91.82" maxCyclomaticComplexity="225" minCyclomaticComplexity="1" maxCrapScore="225" minCrapScore="1" visitedClasses="36" numClasses="36" visitedMethods="437" numMethods="437" />
  <Modules>
    <Module hash="C0-F6-A7-43-12-C7-8D-F6-68-63-9A-59-96-AF-A8-40-CB-74-B4-9E">
      <Summary numSequencePoints="2030" visitedSequencePoints="2030" numBranchPoints="1638" visitedBranchPoints="1504" sequenceCoverage="100" branchCoverage="91.82" maxCyclomaticComplexity="225" minCyclomaticComplexity="1" maxCrapScore="225" minCrapScore="1" visitedClasses="36" numClasses="36" visitedMethods="437" numMethods="437" />
      <ModulePath>C:\projects\jeremyansel-media-wavefrontobj\JeremyAnsel.Media.WavefrontObj\JeremyAnsel.Media.WavefrontObj.Tests\bin\Release\JeremyAnsel.Media.WavefrontObj.dll</ModulePath>
      <ModuleTime>2019-09-20T15:27:39.3837528Z</ModuleTime>
      <ModuleName>JeremyAnsel.Media.WavefrontObj</ModuleName>
      <Files>
        <File uid="1" fullPath="C:\projects\jeremyansel-media-wavefrontobj\JeremyAnsel.Media.WavefrontObj\JeremyAnsel.Media.WavefrontObj\LineReader.cs" />
        <File uid="3" fullPath="C:\projects\jeremyansel-media-wavefrontobj\JeremyAnsel.Media.WavefrontObj\JeremyAnsel.Media.WavefrontObj\ObjFileWriterContext.cs" />
        <File uid="4" fullPath="C:\projects\jeremyansel-media-wavefrontobj\JeremyAnsel.Media.WavefrontObj\JeremyAnsel.Media.WavefrontObj\ObjMaterialFileReader.cs" />
        <File uid="5" fullPath="C:\projects\jeremyansel-media-wavefrontobj\JeremyAnsel.Media.WavefrontObj\JeremyAnsel.Media.WavefrontObj\ObjApproximationTechnique.cs" />
        <File uid="6" fullPath="C:\projects\jeremyansel-media-wavefrontobj\JeremyAnsel.Media.WavefrontObj\JeremyAnsel.Media.WavefrontObj\ObjConstantParametricSubdivisionTechnique.cs" />
        <File uid="7" fullPath="C:\projects\jeremyansel-media-wavefrontobj\JeremyAnsel.Media.WavefrontObj\JeremyAnsel.Media.WavefrontObj\ObjConstantSpatialSubdivisionTechnique.cs" />
        <File uid="8" fullPath="C:\projects\jeremyansel-media-wavefrontobj\JeremyAnsel.Media.WavefrontObj\JeremyAnsel.Media.WavefrontObj\ObjCurvatureDependentSubdivisionTechnique.cs" />
        <File uid="9" fullPath="C:\projects\jeremyansel-media-wavefrontobj\JeremyAnsel.Media.WavefrontObj\JeremyAnsel.Media.WavefrontObj\ObjCurve.cs" />
        <File uid="10" fullPath="C:\projects\jeremyansel-media-wavefrontobj\JeremyAnsel.Media.WavefrontObj\JeremyAnsel.Media.WavefrontObj\ObjCurve2D.cs" />
        <File uid="11" fullPath="C:\projects\jeremyansel-media-wavefrontobj\JeremyAnsel.Media.WavefrontObj\JeremyAnsel.Media.WavefrontObj\ObjCurveIndex.cs" />
        <File uid="12" fullPath="C:\projects\jeremyansel-media-wavefrontobj\JeremyAnsel.Media.WavefrontObj\JeremyAnsel.Media.WavefrontObj\ObjElement.cs" />
        <File uid="13" fullPath="C:\projects\jeremyansel-media-wavefrontobj\JeremyAnsel.Media.WavefrontObj\JeremyAnsel.Media.WavefrontObj\ObjFace.cs" />
        <File uid="14" fullPath="C:\projects\jeremyansel-media-wavefrontobj\JeremyAnsel.Media.WavefrontObj\JeremyAnsel.Media.WavefrontObj\ObjFile.cs" />
        <File uid="15" fullPath="C:\projects\jeremyansel-media-wavefrontobj\JeremyAnsel.Media.WavefrontObj\JeremyAnsel.Media.WavefrontObj\ObjFileReaderContext.cs" />
        <File uid="17" fullPath="C:\projects\jeremyansel-media-wavefrontobj\JeremyAnsel.Media.WavefrontObj\JeremyAnsel.Media.WavefrontObj\ObjFileReader.cs" />
        <File uid="18" fullPath="C:\projects\jeremyansel-media-wavefrontobj\JeremyAnsel.Media.WavefrontObj\JeremyAnsel.Media.WavefrontObj\ObjFileWriter.cs" />
        <File uid="20" fullPath="C:\projects\jeremyansel-media-wavefrontobj\JeremyAnsel.Media.WavefrontObj\JeremyAnsel.Media.WavefrontObj\ObjFreeFormElement.cs" />
        <File uid="21" fullPath="C:\projects\jeremyansel-media-wavefrontobj\JeremyAnsel.Media.WavefrontObj\JeremyAnsel.Media.WavefrontObj\ObjGroup.cs" />
        <File uid="22" fullPath="C:\projects\jeremyansel-media-wavefrontobj\JeremyAnsel.Media.WavefrontObj\JeremyAnsel.Media.WavefrontObj\ObjLine.cs" />
        <File uid="23" fullPath="C:\projects\jeremyansel-media-wavefrontobj\JeremyAnsel.Media.WavefrontObj\JeremyAnsel.Media.WavefrontObj\ObjMaterial.cs" />
        <File uid="24" fullPath="C:\projects\jeremyansel-media-wavefrontobj\JeremyAnsel.Media.WavefrontObj\JeremyAnsel.Media.WavefrontObj\ObjMaterialColor.cs" />
        <File uid="25" fullPath="C:\projects\jeremyansel-media-wavefrontobj\JeremyAnsel.Media.WavefrontObj\JeremyAnsel.Media.WavefrontObj\ObjMaterialFile.cs" />
        <File uid="26" fullPath="C:\projects\jeremyansel-media-wavefrontobj\JeremyAnsel.Media.WavefrontObj\JeremyAnsel.Media.WavefrontObj\ObjMaterialFileWriter.cs" />
        <File uid="27" fullPath="C:\projects\jeremyansel-media-wavefrontobj\JeremyAnsel.Media.WavefrontObj\JeremyAnsel.Media.WavefrontObj\ObjMaterialMap.cs" />
        <File uid="28" fullPath="C:\projects\jeremyansel-media-wavefrontobj\JeremyAnsel.Media.WavefrontObj\JeremyAnsel.Media.WavefrontObj\ObjMaterialReflectionMap.cs" />
        <File uid="29" fullPath="C:\projects\jeremyansel-media-wavefrontobj\JeremyAnsel.Media.WavefrontObj\JeremyAnsel.Media.WavefrontObj\ObjPoint.cs" />
        <File uid="30" fullPath="C:\projects\jeremyansel-media-wavefrontobj\JeremyAnsel.Media.WavefrontObj\JeremyAnsel.Media.WavefrontObj\ObjPolygonalElement.cs" />
        <File uid="31" fullPath="C:\projects\jeremyansel-media-wavefrontobj\JeremyAnsel.Media.WavefrontObj\JeremyAnsel.Media.WavefrontObj\ObjSurface.cs" />
        <File uid="32" fullPath="C:\projects\jeremyansel-media-wavefrontobj\JeremyAnsel.Media.WavefrontObj\JeremyAnsel.Media.WavefrontObj\ObjSurfaceConnection.cs" />
        <File uid="33" fullPath="C:\projects\jeremyansel-media-wavefrontobj\JeremyAnsel.Media.WavefrontObj\JeremyAnsel.Media.WavefrontObj\ObjTriplet.cs" />
        <File uid="34" fullPath="C:\projects\jeremyansel-media-wavefrontobj\JeremyAnsel.Media.WavefrontObj\JeremyAnsel.Media.WavefrontObj\ObjVector3.cs" />
        <File uid="35" fullPath="C:\projects\jeremyansel-media-wavefrontobj\JeremyAnsel.Media.WavefrontObj\JeremyAnsel.Media.WavefrontObj\ObjVector4.cs" />
        <File uid="36" fullPath="C:\projects\jeremyansel-media-wavefrontobj\JeremyAnsel.Media.WavefrontObj\JeremyAnsel.Media.WavefrontObj\ObjVertex.cs" />
      </Files>
      <Classes>
        <Class>
          <Summary numSequencePoints="1" visitedSequencePoints="1" numBranchPoints="1" visitedBranchPoints="1" sequenceCoverage="100" branchCoverage="100" maxCyclomaticComplexity="1" minCyclomaticComplexity="1" maxCrapScore="2" minCrapScore="1" visitedClasses="1" numClasses="1" visitedMethods="1" numMethods="1" />
          <FullName>JeremyAnsel.Media.WavefrontObj.LineReader</FullName>
          <Methods>
            <Method visited="false" cyclomaticComplexity="1" nPathComplexity="0" sequenceCoverage="0" branchCoverage="0" crapScore="2" isConstructor="false" isStatic="true" isGetter="false" isSetter="false">
              <Summary numSequencePoints="0" visitedSequencePoints="0" numBranchPoints="0" visitedBranchPoints="0" sequenceCoverage="0" branchCoverage="0" maxCyclomaticComplexity="1" minCyclomaticComplexity="1" maxCrapScore="2" minCrapScore="2" visitedClasses="0" numClasses="0" visitedMethods="0" numMethods="0" />
              <MetadataToken>100663297</MetadataToken>
              <Name>System.Collections.Generic.IEnumerable`1&lt;System.String[]&gt; JeremyAnsel.Media.WavefrontObj.LineReader::Read(System.IO.Stream)</Name>
              <SequencePoints />
              <BranchPoints />
              <MethodPoint vc="0" uspid="1" ordinal="0" offset="0" />
            </Method>
            <Method visited="true" cyclomaticComplexity="1" nPathComplexity="0" sequenceCoverage="100" branchCoverage="100" crapScore="1" isConstructor="true" isStatic="true" isGetter="false" isSetter="false">
              <Summary numSequencePoints="1" visitedSequencePoints="1" numBranchPoints="1" visitedBranchPoints="1" sequenceCoverage="100" branchCoverage="100" maxCyclomaticComplexity="1" minCyclomaticComplexity="1" maxCrapScore="1" minCrapScore="1" visitedClasses="0" numClasses="0" visitedMethods="1" numMethods="1" />
              <MetadataToken>100663298</MetadataToken>
              <Name>System.Void JeremyAnsel.Media.WavefrontObj.LineReader::.cctor()</Name>
              <FileRef uid="1" />
              <SequencePoints>
                <SequencePoint vc="1" uspid="2" ordinal="0" offset="0" sl="18" sc="9" el="18" ec="82" bec="0" bev="0" fileid="1" />
              </SequencePoints>
              <BranchPoints />
              <MethodPoint xsi:type="SequencePoint" vc="1" uspid="2" ordinal="0" offset="0" sl="18" sc="9" el="18" ec="82" bec="0" bev="0" fileid="1" />
            </Method>
          </Methods>
        </Class>
        <Class>
          <Summary numSequencePoints="21" visitedSequencePoints="21" numBranchPoints="13" visitedBranchPoints="13" sequenceCoverage="100" branchCoverage="100" maxCyclomaticComplexity="9" minCyclomaticComplexity="1" maxCrapScore="12" minCrapScore="2" visitedClasses="1" numClasses="1" visitedMethods="1" numMethods="1" />
          <FullName>JeremyAnsel.Media.WavefrontObj.LineReader/&lt;Read&gt;d__1</FullName>
          <Methods>
            <Method visited="false" cyclomaticComplexity="1" nPathComplexity="0" sequenceCoverage="0" branchCoverage="0" crapScore="2" isConstructor="false" isStatic="false" isGetter="true" isSetter="false">
              <Summary numSequencePoints="0" visitedSequencePoints="0" numBranchPoints="0" visitedBranchPoints="0" sequenceCoverage="0" branchCoverage="0" maxCyclomaticComplexity="1" minCyclomaticComplexity="1" maxCrapScore="2" minCrapScore="2" visitedClasses="0" numClasses="0" visitedMethods="0" numMethods="0" />
              <MetadataToken>100663734</MetadataToken>
              <Name>System.String[] JeremyAnsel.Media.WavefrontObj.LineReader/&lt;Read&gt;d__1::System.Collections.Generic.IEnumerator&lt;System.String[]&gt;.get_Current()</Name>
              <SequencePoints />
              <BranchPoints />
              <MethodPoint vc="0" uspid="3" ordinal="0" offset="0" />
            </Method>
            <Method visited="false" cyclomaticComplexity="1" nPathComplexity="0" sequenceCoverage="0" branchCoverage="0" crapScore="2" isConstructor="false" isStatic="false" isGetter="true" isSetter="false">
              <Summary numSequencePoints="0" visitedSequencePoints="0" numBranchPoints="0" visitedBranchPoints="0" sequenceCoverage="0" branchCoverage="0" maxCyclomaticComplexity="1" minCyclomaticComplexity="1" maxCrapScore="2" minCrapScore="2" visitedClasses="0" numClasses="0" visitedMethods="0" numMethods="0" />
              <MetadataToken>100663736</MetadataToken>
              <Name>System.Object JeremyAnsel.Media.WavefrontObj.LineReader/&lt;Read&gt;d__1::System.Collections.IEnumerator.get_Current()</Name>
              <SequencePoints />
              <BranchPoints />
              <MethodPoint vc="0" uspid="4" ordinal="0" offset="0" />
            </Method>
            <Method visited="false" cyclomaticComplexity="1" nPathComplexity="0" sequenceCoverage="0" branchCoverage="0" crapScore="2" isConstructor="true" isStatic="false" isGetter="false" isSetter="false">
              <Summary numSequencePoints="0" visitedSequencePoints="0" numBranchPoints="0" visitedBranchPoints="0" sequenceCoverage="0" branchCoverage="0" maxCyclomaticComplexity="1" minCyclomaticComplexity="1" maxCrapScore="2" minCrapScore="2" visitedClasses="0" numClasses="0" visitedMethods="0" numMethods="0" />
              <MetadataToken>100663730</MetadataToken>
              <Name>System.Void JeremyAnsel.Media.WavefrontObj.LineReader/&lt;Read&gt;d__1::.ctor(System.Int32)</Name>
              <SequencePoints />
              <BranchPoints />
              <MethodPoint vc="0" uspid="5" ordinal="0" offset="0" />
            </Method>
            <Method visited="false" cyclomaticComplexity="3" nPathComplexity="0" sequenceCoverage="0" branchCoverage="0" crapScore="12" isConstructor="false" isStatic="false" isGetter="false" isSetter="false">
              <Summary numSequencePoints="0" visitedSequencePoints="0" numBranchPoints="0" visitedBranchPoints="0" sequenceCoverage="0" branchCoverage="0" maxCyclomaticComplexity="3" minCyclomaticComplexity="3" maxCrapScore="12" minCrapScore="12" visitedClasses="0" numClasses="0" visitedMethods="0" numMethods="0" />
              <MetadataToken>100663731</MetadataToken>
              <Name>System.Void JeremyAnsel.Media.WavefrontObj.LineReader/&lt;Read&gt;d__1::System.IDisposable.Dispose()</Name>
              <SequencePoints />
              <BranchPoints />
              <MethodPoint vc="0" uspid="6" ordinal="0" offset="0" />
            </Method>
            <Method visited="true" cyclomaticComplexity="9" nPathComplexity="64" sequenceCoverage="100" branchCoverage="100" crapScore="9" isConstructor="false" isStatic="false" isGetter="false" isSetter="false">
              <Summary numSequencePoints="21" visitedSequencePoints="21" numBranchPoints="13" visitedBranchPoints="13" sequenceCoverage="100" branchCoverage="100" maxCyclomaticComplexity="9" minCyclomaticComplexity="9" maxCrapScore="9" minCrapScore="9" visitedClasses="0" numClasses="0" visitedMethods="1" numMethods="1" />
              <MetadataToken>100663732</MetadataToken>
              <Name>System.Boolean JeremyAnsel.Media.WavefrontObj.LineReader/&lt;Read&gt;d__1::MoveNext()</Name>
              <FileRef uid="1" />
              <SequencePoints>
                <SequencePoint vc="496" uspid="7" ordinal="0" offset="31" sl="22" sc="20" el="22" ec="57" bec="0" bev="0" fileid="1" />
                <SequencePoint vc="496" uspid="8" ordinal="1" offset="56" sl="24" sc="17" el="24" ec="36" bec="0" bev="0" fileid="1" />
                <SequencePoint vc="496" uspid="9" ordinal="2" offset="63" sl="25" sc="17" el="25" ec="42" bec="0" bev="0" fileid="1" />
                <SequencePoint vc="1340" uspid="10" ordinal="3" offset="75" sl="29" sc="21" el="29" ec="60" bec="0" bev="0" fileid="1" />
                <SequencePoint vc="1340" uspid="11" ordinal="4" offset="87" sl="31" sc="21" el="31" ec="64" bec="2" bev="2" fileid="1" />
                <SequencePoint vc="1131" uspid="12" ordinal="5" offset="98" sl="36" sc="21" el="36" ec="37" bec="2" bev="2" fileid="1" />
                <SequencePoint vc="3" uspid="13" ordinal="6" offset="106" sl="38" sc="25" el="38" ec="81" bec="0" bev="0" fileid="1" />
                <SequencePoint vc="3" uspid="14" ordinal="7" offset="143" sl="39" sc="21" el="39" ec="22" bec="0" bev="0" fileid="1" />
                <SequencePoint vc="1128" uspid="15" ordinal="8" offset="145" sl="42" sc="25" el="42" ec="44" bec="0" bev="0" fileid="1" />
                <SequencePoint vc="1131" uspid="16" ordinal="9" offset="152" sl="45" sc="21" el="45" ec="40" bec="0" bev="0" fileid="1" />
                <SequencePoint vc="1131" uspid="17" ordinal="10" offset="169" sl="47" sc="21" el="47" ec="55" bec="0" bev="0" fileid="1" />
                <SequencePoint vc="1131" uspid="18" ordinal="11" offset="191" sl="49" sc="21" el="49" ec="37" bec="2" bev="2" fileid="1" />
                <SequencePoint vc="1128" uspid="19" ordinal="12" offset="199" sl="54" sc="21" el="54" ec="58" bec="0" bev="0" fileid="1" />
                <SequencePoint vc="1128" uspid="20" ordinal="13" offset="213" sl="56" sc="21" el="56" ec="43" bec="2" bev="2" fileid="1" />
                <SequencePoint vc="1126" uspid="21" ordinal="14" offset="216" sl="61" sc="21" el="61" ec="44" bec="2" bev="2" fileid="1" />
                <SequencePoint vc="1" uspid="22" ordinal="15" offset="220" sl="63" sc="25" el="63" ec="64" bec="0" bev="0" fileid="1" />
                <SequencePoint vc="1126" uspid="23" ordinal="16" offset="239" sl="66" sc="21" el="66" ec="105" bec="0" bev="0" fileid="1" />
                <SequencePoint vc="1126" uspid="24" ordinal="17" offset="258" sl="68" sc="21" el="68" ec="41" bec="0" bev="0" fileid="1" />
                <SequencePoint vc="1524" uspid="25" ordinal="18" offset="285" sl="27" sc="17" el="27" ec="44" bec="2" bev="2" fileid="1" />
                <SequencePoint vc="184" uspid="26" ordinal="19" offset="301" sl="70" sc="13" el="70" ec="14" bec="0" bev="0" fileid="1" />
                <SequencePoint vc="184" uspid="27" ordinal="20" offset="321" sl="71" sc="9" el="71" ec="10" bec="0" bev="0" fileid="1" />
              </SequencePoints>
              <BranchPoints>
                <BranchPoint vc="1131" uspid="30" ordinal="2" offset="93" sl="31" path="0" offsetend="98" fileid="1" />
                <BranchPoint vc="209" uspid="31" ordinal="3" offset="93" sl="31" path="1" offsetend="285" fileid="1" />
                <BranchPoint vc="3" uspid="32" ordinal="4" offset="104" sl="36" path="0" offsetend="106" fileid="1" />
                <BranchPoint vc="1128" uspid="33" ordinal="5" offset="104" sl="36" path="1" offsetend="145" fileid="1" />
                <BranchPoint vc="1128" uspid="34" ordinal="6" offset="197" sl="49" path="0" offsetend="199" fileid="1" />
                <BranchPoint vc="3" uspid="35" ordinal="7" offset="197" sl="49" path="1" offsetend="285" fileid="1" />
                <BranchPoint vc="1126" uspid="36" ordinal="8" offset="214" sl="56" path="0" offsetend="216" fileid="1" />
                <BranchPoint vc="2" uspid="37" ordinal="9" offset="214" sl="56" path="1" offsetend="285" fileid="1" />
                <BranchPoint vc="1" uspid="38" ordinal="10" offset="218" sl="61" path="0" offsetend="220" fileid="1" />
                <BranchPoint vc="1125" uspid="39" ordinal="11" offset="218" sl="61" path="1" offsetend="239" fileid="1" />
                <BranchPoint vc="184" uspid="40" ordinal="12" offset="296" sl="27" path="0" offsetend="301" fileid="1" />
                <BranchPoint vc="1340" uspid="41" ordinal="13" offset="296" sl="27" path="1" offsetend="75" fileid="1" />
              </BranchPoints>
              <MethodPoint vc="1310" uspid="42" ordinal="0" offset="0" />
            </Method>
            <Method visited="false" cyclomaticComplexity="2" nPathComplexity="0" sequenceCoverage="0" branchCoverage="0" crapScore="6" isConstructor="false" isStatic="false" isGetter="false" isSetter="false">
              <Summary numSequencePoints="0" visitedSequencePoints="0" numBranchPoints="0" visitedBranchPoints="0" sequenceCoverage="0" branchCoverage="0" maxCyclomaticComplexity="2" minCyclomaticComplexity="2" maxCrapScore="6" minCrapScore="6" visitedClasses="0" numClasses="0" visitedMethods="0" numMethods="0" />
              <MetadataToken>100663733</MetadataToken>
              <Name>System.Void JeremyAnsel.Media.WavefrontObj.LineReader/&lt;Read&gt;d__1::&lt;&gt;m__Finally1()</Name>
              <SequencePoints />
              <BranchPoints />
              <MethodPoint vc="0" uspid="43" ordinal="0" offset="0" />
            </Method>
            <Method visited="false" cyclomaticComplexity="1" nPathComplexity="0" sequenceCoverage="0" branchCoverage="0" crapScore="2" isConstructor="false" isStatic="false" isGetter="false" isSetter="false">
              <Summary numSequencePoints="0" visitedSequencePoints="0" numBranchPoints="0" visitedBranchPoints="0" sequenceCoverage="0" branchCoverage="0" maxCyclomaticComplexity="1" minCyclomaticComplexity="1" maxCrapScore="2" minCrapScore="2" visitedClasses="0" numClasses="0" visitedMethods="0" numMethods="0" />
              <MetadataToken>100663735</MetadataToken>
              <Name>System.Void JeremyAnsel.Media.WavefrontObj.LineReader/&lt;Read&gt;d__1::System.Collections.IEnumerator.Reset()</Name>
              <SequencePoints />
              <BranchPoints />
              <MethodPoint vc="0" uspid="44" ordinal="0" offset="0" />
            </Method>
            <Method visited="false" cyclomaticComplexity="3" nPathComplexity="0" sequenceCoverage="0" branchCoverage="0" crapScore="12" isConstructor="false" isStatic="false" isGetter="false" isSetter="false">
              <Summary numSequencePoints="0" visitedSequencePoints="0" numBranchPoints="0" visitedBranchPoints="0" sequenceCoverage="0" branchCoverage="0" maxCyclomaticComplexity="3" minCyclomaticComplexity="3" maxCrapScore="12" minCrapScore="12" visitedClasses="0" numClasses="0" visitedMethods="0" numMethods="0" />
              <MetadataToken>100663737</MetadataToken>
              <Name>System.Collections.Generic.IEnumerator`1&lt;System.String[]&gt; JeremyAnsel.Media.WavefrontObj.LineReader/&lt;Read&gt;d__1::System.Collections.Generic.IEnumerable&lt;System.String[]&gt;.GetEnumerator()</Name>
              <SequencePoints />
              <BranchPoints />
              <MethodPoint vc="0" uspid="45" ordinal="0" offset="0" />
            </Method>
            <Method visited="false" cyclomaticComplexity="1" nPathComplexity="0" sequenceCoverage="0" branchCoverage="0" crapScore="2" isConstructor="false" isStatic="false" isGetter="false" isSetter="false">
              <Summary numSequencePoints="0" visitedSequencePoints="0" numBranchPoints="0" visitedBranchPoints="0" sequenceCoverage="0" branchCoverage="0" maxCyclomaticComplexity="1" minCyclomaticComplexity="1" maxCrapScore="2" minCrapScore="2" visitedClasses="0" numClasses="0" visitedMethods="0" numMethods="0" />
              <MetadataToken>100663738</MetadataToken>
              <Name>System.Collections.IEnumerator JeremyAnsel.Media.WavefrontObj.LineReader/&lt;Read&gt;d__1::System.Collections.IEnumerable.GetEnumerator()</Name>
              <SequencePoints />
              <BranchPoints />
              <MethodPoint vc="0" uspid="46" ordinal="0" offset="0" />
            </Method>
          </Methods>
        </Class>
        <Class>
          <Summary numSequencePoints="171" visitedSequencePoints="171" numBranchPoints="108" visitedBranchPoints="106" sequenceCoverage="100" branchCoverage="98.15" maxCyclomaticComplexity="28" minCyclomaticComplexity="1" maxCrapScore="28" minCrapScore="1" visitedClasses="1" numClasses="1" visitedMethods="26" numMethods="26" />
          <FullName>JeremyAnsel.Media.WavefrontObj.ObjFileWriterContext</FullName>
          <Methods>
            <Method visited="true" cyclomaticComplexity="1" nPathComplexity="0" sequenceCoverage="100" branchCoverage="100" crapScore="1" isConstructor="false" isStatic="false" isGetter="true" isSetter="false">
              <Summary numSequencePoints="1" visitedSequencePoints="1" numBranchPoints="1" visitedBranchPoints="1" sequenceCoverage="100" branchCoverage="100" maxCyclomaticComplexity="1" minCyclomaticComplexity="1" maxCrapScore="1" minCrapScore="1" visitedClasses="0" numClasses="0" visitedMethods="1" numMethods="1" />
              <MetadataToken>100663300</MetadataToken>
              <Name>System.String JeremyAnsel.Media.WavefrontObj.ObjFileWriterContext::get_GroupNames()</Name>
              <FileRef uid="3" />
              <SequencePoints>
                <SequencePoint vc="66" uspid="47" ordinal="0" offset="0" sl="27" sc="36" el="27" ec="40" bec="0" bev="0" fileid="3" />
              </SequencePoints>
              <BranchPoints />
              <MethodPoint xsi:type="SequencePoint" vc="66" uspid="47" ordinal="0" offset="0" sl="27" sc="36" el="27" ec="40" bec="0" bev="0" fileid="3" />
            </Method>
            <Method visited="true" cyclomaticComplexity="1" nPathComplexity="0" sequenceCoverage="100" branchCoverage="100" crapScore="1" isConstructor="false" isStatic="false" isGetter="false" isSetter="true">
              <Summary numSequencePoints="1" visitedSequencePoints="1" numBranchPoints="1" visitedBranchPoints="1" sequenceCoverage="100" branchCoverage="100" maxCyclomaticComplexity="1" minCyclomaticComplexity="1" maxCrapScore="1" minCrapScore="1" visitedClasses="0" numClasses="0" visitedMethods="1" numMethods="1" />
              <MetadataToken>100663301</MetadataToken>
              <Name>System.Void JeremyAnsel.Media.WavefrontObj.ObjFileWriterContext::set_GroupNames(System.String)</Name>
              <FileRef uid="3" />
              <SequencePoints>
                <SequencePoint vc="82" uspid="48" ordinal="0" offset="0" sl="27" sc="41" el="27" ec="53" bec="0" bev="0" fileid="3" />
              </SequencePoints>
              <BranchPoints />
              <MethodPoint xsi:type="SequencePoint" vc="82" uspid="48" ordinal="0" offset="0" sl="27" sc="41" el="27" ec="53" bec="0" bev="0" fileid="3" />
            </Method>
            <Method visited="true" cyclomaticComplexity="1" nPathComplexity="0" sequenceCoverage="100" branchCoverage="100" crapScore="1" isConstructor="false" isStatic="false" isGetter="true" isSetter="false">
              <Summary numSequencePoints="1" visitedSequencePoints="1" numBranchPoints="1" visitedBranchPoints="1" sequenceCoverage="100" branchCoverage="100" maxCyclomaticComplexity="1" minCyclomaticComplexity="1" maxCrapScore="1" minCrapScore="1" visitedClasses="0" numClasses="0" visitedMethods="1" numMethods="1" />
              <MetadataToken>100663302</MetadataToken>
              <Name>System.String JeremyAnsel.Media.WavefrontObj.ObjFileWriterContext::get_ObjectName()</Name>
              <FileRef uid="3" />
              <SequencePoints>
                <SequencePoint vc="81" uspid="49" ordinal="0" offset="0" sl="29" sc="36" el="29" ec="40" bec="0" bev="0" fileid="3" />
              </SequencePoints>
              <BranchPoints />
              <MethodPoint xsi:type="SequencePoint" vc="81" uspid="49" ordinal="0" offset="0" sl="29" sc="36" el="29" ec="40" bec="0" bev="0" fileid="3" />
            </Method>
            <Method visited="true" cyclomaticComplexity="1" nPathComplexity="0" sequenceCoverage="100" branchCoverage="100" crapScore="1" isConstructor="false" isStatic="false" isGetter="false" isSetter="true">
              <Summary numSequencePoints="1" visitedSequencePoints="1" numBranchPoints="1" visitedBranchPoints="1" sequenceCoverage="100" branchCoverage="100" maxCyclomaticComplexity="1" minCyclomaticComplexity="1" maxCrapScore="1" minCrapScore="1" visitedClasses="0" numClasses="0" visitedMethods="1" numMethods="1" />
              <MetadataToken>100663303</MetadataToken>
              <Name>System.Void JeremyAnsel.Media.WavefrontObj.ObjFileWriterContext::set_ObjectName(System.String)</Name>
              <FileRef uid="3" />
              <SequencePoints>
                <SequencePoint vc="8" uspid="50" ordinal="0" offset="0" sl="29" sc="41" el="29" ec="53" bec="0" bev="0" fileid="3" />
              </SequencePoints>
              <BranchPoints />
              <MethodPoint xsi:type="SequencePoint" vc="8" uspid="50" ordinal="0" offset="0" sl="29" sc="41" el="29" ec="53" bec="0" bev="0" fileid="3" />
            </Method>
            <Method visited="true" cyclomaticComplexity="1" nPathComplexity="0" sequenceCoverage="100" branchCoverage="100" crapScore="1" isConstructor="false" isStatic="false" isGetter="true" isSetter="false">
              <Summary numSequencePoints="1" visitedSequencePoints="1" numBranchPoints="1" visitedBranchPoints="1" sequenceCoverage="100" branchCoverage="100" maxCyclomaticComplexity="1" minCyclomaticComplexity="1" maxCrapScore="1" minCrapScore="1" visitedClasses="0" numClasses="0" visitedMethods="1" numMethods="1" />
              <MetadataToken>100663304</MetadataToken>
              <Name>System.Int32 JeremyAnsel.Media.WavefrontObj.ObjFileWriterContext::get_LevelOfDetail()</Name>
              <FileRef uid="3" />
              <SequencePoints>
                <SequencePoint vc="73" uspid="51" ordinal="0" offset="0" sl="31" sc="36" el="31" ec="40" bec="0" bev="0" fileid="3" />
              </SequencePoints>
              <BranchPoints />
              <MethodPoint xsi:type="SequencePoint" vc="73" uspid="51" ordinal="0" offset="0" sl="31" sc="36" el="31" ec="40" bec="0" bev="0" fileid="3" />
            </Method>
            <Method visited="true" cyclomaticComplexity="1" nPathComplexity="0" sequenceCoverage="100" branchCoverage="100" crapScore="1" isConstructor="false" isStatic="false" isGetter="false" isSetter="true">
              <Summary numSequencePoints="1" visitedSequencePoints="1" numBranchPoints="1" visitedBranchPoints="1" sequenceCoverage="100" branchCoverage="100" maxCyclomaticComplexity="1" minCyclomaticComplexity="1" maxCrapScore="1" minCrapScore="1" visitedClasses="0" numClasses="0" visitedMethods="1" numMethods="1" />
              <MetadataToken>100663305</MetadataToken>
              <Name>System.Void JeremyAnsel.Media.WavefrontObj.ObjFileWriterContext::set_LevelOfDetail(System.Int32)</Name>
              <FileRef uid="3" />
              <SequencePoints>
                <SequencePoint vc="7" uspid="52" ordinal="0" offset="0" sl="31" sc="41" el="31" ec="53" bec="0" bev="0" fileid="3" />
              </SequencePoints>
              <BranchPoints />
              <MethodPoint xsi:type="SequencePoint" vc="7" uspid="52" ordinal="0" offset="0" sl="31" sc="41" el="31" ec="53" bec="0" bev="0" fileid="3" />
            </Method>
            <Method visited="true" cyclomaticComplexity="1" nPathComplexity="0" sequenceCoverage="100" branchCoverage="100" crapScore="1" isConstructor="false" isStatic="false" isGetter="true" isSetter="false">
              <Summary numSequencePoints="1" visitedSequencePoints="1" numBranchPoints="1" visitedBranchPoints="1" sequenceCoverage="100" branchCoverage="100" maxCyclomaticComplexity="1" minCyclomaticComplexity="1" maxCrapScore="1" minCrapScore="1" visitedClasses="0" numClasses="0" visitedMethods="1" numMethods="1" />
              <MetadataToken>100663306</MetadataToken>
              <Name>System.String JeremyAnsel.Media.WavefrontObj.ObjFileWriterContext::get_MapName()</Name>
              <FileRef uid="3" />
              <SequencePoints>
                <SequencePoint vc="85" uspid="53" ordinal="0" offset="0" sl="33" sc="33" el="33" ec="37" bec="0" bev="0" fileid="3" />
              </SequencePoints>
              <BranchPoints />
              <MethodPoint xsi:type="SequencePoint" vc="85" uspid="53" ordinal="0" offset="0" sl="33" sc="33" el="33" ec="37" bec="0" bev="0" fileid="3" />
            </Method>
            <Method visited="true" cyclomaticComplexity="1" nPathComplexity="0" sequenceCoverage="100" branchCoverage="100" crapScore="1" isConstructor="false" isStatic="false" isGetter="false" isSetter="true">
              <Summary numSequencePoints="1" visitedSequencePoints="1" numBranchPoints="1" visitedBranchPoints="1" sequenceCoverage="100" branchCoverage="100" maxCyclomaticComplexity="1" minCyclomaticComplexity="1" maxCrapScore="1" minCrapScore="1" visitedClasses="0" numClasses="0" visitedMethods="1" numMethods="1" />
              <MetadataToken>100663307</MetadataToken>
              <Name>System.Void JeremyAnsel.Media.WavefrontObj.ObjFileWriterContext::set_MapName(System.String)</Name>
              <FileRef uid="3" />
              <SequencePoints>
                <SequencePoint vc="10" uspid="54" ordinal="0" offset="0" sl="33" sc="38" el="33" ec="50" bec="0" bev="0" fileid="3" />
              </SequencePoints>
              <BranchPoints />
              <MethodPoint xsi:type="SequencePoint" vc="10" uspid="54" ordinal="0" offset="0" sl="33" sc="38" el="33" ec="50" bec="0" bev="0" fileid="3" />
            </Method>
            <Method visited="true" cyclomaticComplexity="1" nPathComplexity="0" sequenceCoverage="100" branchCoverage="100" crapScore="1" isConstructor="false" isStatic="false" isGetter="true" isSetter="false">
              <Summary numSequencePoints="1" visitedSequencePoints="1" numBranchPoints="1" visitedBranchPoints="1" sequenceCoverage="100" branchCoverage="100" maxCyclomaticComplexity="1" minCyclomaticComplexity="1" maxCrapScore="1" minCrapScore="1" visitedClasses="0" numClasses="0" visitedMethods="1" numMethods="1" />
              <MetadataToken>100663308</MetadataToken>
              <Name>System.String JeremyAnsel.Media.WavefrontObj.ObjFileWriterContext::get_MaterialName()</Name>
              <FileRef uid="3" />
              <SequencePoints>
                <SequencePoint vc="85" uspid="55" ordinal="0" offset="0" sl="35" sc="38" el="35" ec="42" bec="0" bev="0" fileid="3" />
              </SequencePoints>
              <BranchPoints />
              <MethodPoint xsi:type="SequencePoint" vc="85" uspid="55" ordinal="0" offset="0" sl="35" sc="38" el="35" ec="42" bec="0" bev="0" fileid="3" />
            </Method>
            <Method visited="true" cyclomaticComplexity="1" nPathComplexity="0" sequenceCoverage="100" branchCoverage="100" crapScore="1" isConstructor="false" isStatic="false" isGetter="false" isSetter="true">
              <Summary numSequencePoints="1" visitedSequencePoints="1" numBranchPoints="1" visitedBranchPoints="1" sequenceCoverage="100" branchCoverage="100" maxCyclomaticComplexity="1" minCyclomaticComplexity="1" maxCrapScore="1" minCrapScore="1" visitedClasses="0" numClasses="0" visitedMethods="1" numMethods="1" />
              <MetadataToken>100663309</MetadataToken>
              <Name>System.Void JeremyAnsel.Media.WavefrontObj.ObjFileWriterContext::set_MaterialName(System.String)</Name>
              <FileRef uid="3" />
              <SequencePoints>
                <SequencePoint vc="10" uspid="56" ordinal="0" offset="0" sl="35" sc="43" el="35" ec="55" bec="0" bev="0" fileid="3" />
              </SequencePoints>
              <BranchPoints />
              <MethodPoint xsi:type="SequencePoint" vc="10" uspid="56" ordinal="0" offset="0" sl="35" sc="43" el="35" ec="55" bec="0" bev="0" fileid="3" />
            </Method>
            <Method visited="true" cyclomaticComplexity="1" nPathComplexity="0" sequenceCoverage="100" branchCoverage="100" crapScore="1" isConstructor="false" isStatic="false" isGetter="true" isSetter="false">
              <Summary numSequencePoints="1" visitedSequencePoints="1" numBranchPoints="1" visitedBranchPoints="1" sequenceCoverage="100" branchCoverage="100" maxCyclomaticComplexity="1" minCyclomaticComplexity="1" maxCrapScore="1" minCrapScore="1" visitedClasses="0" numClasses="0" visitedMethods="1" numMethods="1" />
              <MetadataToken>100663310</MetadataToken>
              <Name>System.Int32 JeremyAnsel.Media.WavefrontObj.ObjFileWriterContext::get_SmoothingGroupNumber()</Name>
              <FileRef uid="3" />
              <SequencePoints>
                <SequencePoint vc="42" uspid="57" ordinal="0" offset="0" sl="37" sc="43" el="37" ec="47" bec="0" bev="0" fileid="3" />
              </SequencePoints>
              <BranchPoints />
              <MethodPoint xsi:type="SequencePoint" vc="42" uspid="57" ordinal="0" offset="0" sl="37" sc="43" el="37" ec="47" bec="0" bev="0" fileid="3" />
            </Method>
            <Method visited="true" cyclomaticComplexity="1" nPathComplexity="0" sequenceCoverage="100" branchCoverage="100" crapScore="1" isConstructor="false" isStatic="false" isGetter="false" isSetter="true">
              <Summary numSequencePoints="1" visitedSequencePoints="1" numBranchPoints="1" visitedBranchPoints="1" sequenceCoverage="100" branchCoverage="100" maxCyclomaticComplexity="1" minCyclomaticComplexity="1" maxCrapScore="1" minCrapScore="1" visitedClasses="0" numClasses="0" visitedMethods="1" numMethods="1" />
              <MetadataToken>100663311</MetadataToken>
              <Name>System.Void JeremyAnsel.Media.WavefrontObj.ObjFileWriterContext::set_SmoothingGroupNumber(System.Int32)</Name>
              <FileRef uid="3" />
              <SequencePoints>
                <SequencePoint vc="7" uspid="58" ordinal="0" offset="0" sl="37" sc="48" el="37" ec="60" bec="0" bev="0" fileid="3" />
              </SequencePoints>
              <BranchPoints />
              <MethodPoint xsi:type="SequencePoint" vc="7" uspid="58" ordinal="0" offset="0" sl="37" sc="48" el="37" ec="60" bec="0" bev="0" fileid="3" />
            </Method>
            <Method visited="true" cyclomaticComplexity="1" nPathComplexity="0" sequenceCoverage="100" branchCoverage="100" crapScore="1" isConstructor="false" isStatic="false" isGetter="true" isSetter="false">
              <Summary numSequencePoints="1" visitedSequencePoints="1" numBranchPoints="1" visitedBranchPoints="1" sequenceCoverage="100" branchCoverage="100" maxCyclomaticComplexity="1" minCyclomaticComplexity="1" maxCrapScore="1" minCrapScore="1" visitedClasses="0" numClasses="0" visitedMethods="1" numMethods="1" />
              <MetadataToken>100663312</MetadataToken>
              <Name>System.Boolean JeremyAnsel.Media.WavefrontObj.ObjFileWriterContext::get_IsBevelInterpolationEnabled()</Name>
              <FileRef uid="3" />
              <SequencePoints>
                <SequencePoint vc="34" uspid="59" ordinal="0" offset="0" sl="39" sc="51" el="39" ec="55" bec="0" bev="0" fileid="3" />
              </SequencePoints>
              <BranchPoints />
              <MethodPoint xsi:type="SequencePoint" vc="34" uspid="59" ordinal="0" offset="0" sl="39" sc="51" el="39" ec="55" bec="0" bev="0" fileid="3" />
            </Method>
            <Method visited="true" cyclomaticComplexity="1" nPathComplexity="0" sequenceCoverage="100" branchCoverage="100" crapScore="1" isConstructor="false" isStatic="false" isGetter="false" isSetter="true">
              <Summary numSequencePoints="1" visitedSequencePoints="1" numBranchPoints="1" visitedBranchPoints="1" sequenceCoverage="100" branchCoverage="100" maxCyclomaticComplexity="1" minCyclomaticComplexity="1" maxCrapScore="1" minCrapScore="1" visitedClasses="0" numClasses="0" visitedMethods="1" numMethods="1" />
              <MetadataToken>100663313</MetadataToken>
              <Name>System.Void JeremyAnsel.Media.WavefrontObj.ObjFileWriterContext::set_IsBevelInterpolationEnabled(System.Boolean)</Name>
              <FileRef uid="3" />
              <SequencePoints>
                <SequencePoint vc="5" uspid="60" ordinal="0" offset="0" sl="39" sc="56" el="39" ec="68" bec="0" bev="0" fileid="3" />
              </SequencePoints>
              <BranchPoints />
              <MethodPoint xsi:type="SequencePoint" vc="5" uspid="60" ordinal="0" offset="0" sl="39" sc="56" el="39" ec="68" bec="0" bev="0" fileid="3" />
            </Method>
            <Method visited="true" cyclomaticComplexity="1" nPathComplexity="0" sequenceCoverage="100" branchCoverage="100" crapScore="1" isConstructor="false" isStatic="false" isGetter="true" isSetter="false">
              <Summary numSequencePoints="1" visitedSequencePoints="1" numBranchPoints="1" visitedBranchPoints="1" sequenceCoverage="100" branchCoverage="100" maxCyclomaticComplexity="1" minCyclomaticComplexity="1" maxCrapScore="1" minCrapScore="1" visitedClasses="0" numClasses="0" visitedMethods="1" numMethods="1" />
              <MetadataToken>100663314</MetadataToken>
              <Name>System.Boolean JeremyAnsel.Media.WavefrontObj.ObjFileWriterContext::get_IsColorInterpolationEnabled()</Name>
              <FileRef uid="3" />
              <SequencePoints>
                <SequencePoint vc="34" uspid="61" ordinal="0" offset="0" sl="41" sc="51" el="41" ec="55" bec="0" bev="0" fileid="3" />
              </SequencePoints>
              <BranchPoints />
              <MethodPoint xsi:type="SequencePoint" vc="34" uspid="61" ordinal="0" offset="0" sl="41" sc="51" el="41" ec="55" bec="0" bev="0" fileid="3" />
            </Method>
            <Method visited="true" cyclomaticComplexity="1" nPathComplexity="0" sequenceCoverage="100" branchCoverage="100" crapScore="1" isConstructor="false" isStatic="false" isGetter="false" isSetter="true">
              <Summary numSequencePoints="1" visitedSequencePoints="1" numBranchPoints="1" visitedBranchPoints="1" sequenceCoverage="100" branchCoverage="100" maxCyclomaticComplexity="1" minCyclomaticComplexity="1" maxCrapScore="1" minCrapScore="1" visitedClasses="0" numClasses="0" visitedMethods="1" numMethods="1" />
              <MetadataToken>100663315</MetadataToken>
              <Name>System.Void JeremyAnsel.Media.WavefrontObj.ObjFileWriterContext::set_IsColorInterpolationEnabled(System.Boolean)</Name>
              <FileRef uid="3" />
              <SequencePoints>
                <SequencePoint vc="5" uspid="62" ordinal="0" offset="0" sl="41" sc="56" el="41" ec="68" bec="0" bev="0" fileid="3" />
              </SequencePoints>
              <BranchPoints />
              <MethodPoint xsi:type="SequencePoint" vc="5" uspid="62" ordinal="0" offset="0" sl="41" sc="56" el="41" ec="68" bec="0" bev="0" fileid="3" />
            </Method>
            <Method visited="true" cyclomaticComplexity="1" nPathComplexity="0" sequenceCoverage="100" branchCoverage="100" crapScore="1" isConstructor="false" isStatic="false" isGetter="true" isSetter="false">
              <Summary numSequencePoints="1" visitedSequencePoints="1" numBranchPoints="1" visitedBranchPoints="1" sequenceCoverage="100" branchCoverage="100" maxCyclomaticComplexity="1" minCyclomaticComplexity="1" maxCrapScore="1" minCrapScore="1" visitedClasses="0" numClasses="0" visitedMethods="1" numMethods="1" />
              <MetadataToken>100663316</MetadataToken>
              <Name>System.Boolean JeremyAnsel.Media.WavefrontObj.ObjFileWriterContext::get_IsDissolveInterpolationEnabled()</Name>
              <FileRef uid="3" />
              <SequencePoints>
                <SequencePoint vc="34" uspid="63" ordinal="0" offset="0" sl="43" sc="54" el="43" ec="58" bec="0" bev="0" fileid="3" />
              </SequencePoints>
              <BranchPoints />
              <MethodPoint xsi:type="SequencePoint" vc="34" uspid="63" ordinal="0" offset="0" sl="43" sc="54" el="43" ec="58" bec="0" bev="0" fileid="3" />
            </Method>
            <Method visited="true" cyclomaticComplexity="1" nPathComplexity="0" sequenceCoverage="100" branchCoverage="100" crapScore="1" isConstructor="false" isStatic="false" isGetter="false" isSetter="true">
              <Summary numSequencePoints="1" visitedSequencePoints="1" numBranchPoints="1" visitedBranchPoints="1" sequenceCoverage="100" branchCoverage="100" maxCyclomaticComplexity="1" minCyclomaticComplexity="1" maxCrapScore="1" minCrapScore="1" visitedClasses="0" numClasses="0" visitedMethods="1" numMethods="1" />
              <MetadataToken>100663317</MetadataToken>
              <Name>System.Void JeremyAnsel.Media.WavefrontObj.ObjFileWriterContext::set_IsDissolveInterpolationEnabled(System.Boolean)</Name>
              <FileRef uid="3" />
              <SequencePoints>
                <SequencePoint vc="5" uspid="64" ordinal="0" offset="0" sl="43" sc="59" el="43" ec="71" bec="0" bev="0" fileid="3" />
              </SequencePoints>
              <BranchPoints />
              <MethodPoint xsi:type="SequencePoint" vc="5" uspid="64" ordinal="0" offset="0" sl="43" sc="59" el="43" ec="71" bec="0" bev="0" fileid="3" />
            </Method>
            <Method visited="true" cyclomaticComplexity="1" nPathComplexity="0" sequenceCoverage="100" branchCoverage="100" crapScore="1" isConstructor="false" isStatic="false" isGetter="true" isSetter="false">
              <Summary numSequencePoints="1" visitedSequencePoints="1" numBranchPoints="1" visitedBranchPoints="1" sequenceCoverage="100" branchCoverage="100" maxCyclomaticComplexity="1" minCyclomaticComplexity="1" maxCrapScore="1" minCrapScore="1" visitedClasses="0" numClasses="0" visitedMethods="1" numMethods="1" />
              <MetadataToken>100663318</MetadataToken>
              <Name>System.Int32 JeremyAnsel.Media.WavefrontObj.ObjFileWriterContext::get_MergingGroupNumber()</Name>
              <FileRef uid="3" />
              <SequencePoints>
                <SequencePoint vc="50" uspid="65" ordinal="0" offset="0" sl="45" sc="41" el="45" ec="45" bec="0" bev="0" fileid="3" />
              </SequencePoints>
              <BranchPoints />
              <MethodPoint xsi:type="SequencePoint" vc="50" uspid="65" ordinal="0" offset="0" sl="45" sc="41" el="45" ec="45" bec="0" bev="0" fileid="3" />
            </Method>
            <Method visited="true" cyclomaticComplexity="1" nPathComplexity="0" sequenceCoverage="100" branchCoverage="100" crapScore="1" isConstructor="false" isStatic="false" isGetter="false" isSetter="true">
              <Summary numSequencePoints="1" visitedSequencePoints="1" numBranchPoints="1" visitedBranchPoints="1" sequenceCoverage="100" branchCoverage="100" maxCyclomaticComplexity="1" minCyclomaticComplexity="1" maxCrapScore="1" minCrapScore="1" visitedClasses="0" numClasses="0" visitedMethods="1" numMethods="1" />
              <MetadataToken>100663319</MetadataToken>
              <Name>System.Void JeremyAnsel.Media.WavefrontObj.ObjFileWriterContext::set_MergingGroupNumber(System.Int32)</Name>
              <FileRef uid="3" />
              <SequencePoints>
                <SequencePoint vc="5" uspid="66" ordinal="0" offset="0" sl="45" sc="46" el="45" ec="58" bec="0" bev="0" fileid="3" />
              </SequencePoints>
              <BranchPoints />
              <MethodPoint xsi:type="SequencePoint" vc="5" uspid="66" ordinal="0" offset="0" sl="45" sc="46" el="45" ec="58" bec="0" bev="0" fileid="3" />
            </Method>
            <Method visited="true" cyclomaticComplexity="1" nPathComplexity="0" sequenceCoverage="100" branchCoverage="100" crapScore="1" isConstructor="true" isStatic="false" isGetter="false" isSetter="false">
              <Summary numSequencePoints="4" visitedSequencePoints="4" numBranchPoints="1" visitedBranchPoints="1" sequenceCoverage="100" branchCoverage="100" maxCyclomaticComplexity="1" minCyclomaticComplexity="1" maxCrapScore="1" minCrapScore="1" visitedClasses="0" numClasses="0" visitedMethods="1" numMethods="1" />
              <MetadataToken>100663299</MetadataToken>
              <Name>System.Void JeremyAnsel.Media.WavefrontObj.ObjFileWriterContext::.ctor(JeremyAnsel.Media.WavefrontObj.ObjFile)</Name>
              <FileRef uid="3" />
              <SequencePoints>
                <SequencePoint vc="72" uspid="67" ordinal="0" offset="0" sl="21" sc="9" el="21" ec="49" bec="0" bev="0" fileid="3" />
                <SequencePoint vc="72" uspid="68" ordinal="1" offset="6" sl="23" sc="13" el="23" ec="28" bec="0" bev="0" fileid="3" />
                <SequencePoint vc="72" uspid="69" ordinal="2" offset="13" sl="24" sc="13" el="24" ec="44" bec="0" bev="0" fileid="3" />
                <SequencePoint vc="72" uspid="70" ordinal="3" offset="24" sl="25" sc="9" el="25" ec="10" bec="0" bev="0" fileid="3" />
              </SequencePoints>
              <BranchPoints />
              <MethodPoint xsi:type="SequencePoint" vc="72" uspid="67" ordinal="0" offset="0" sl="21" sc="9" el="21" ec="49" bec="0" bev="0" fileid="3" />
            </Method>
            <Method visited="true" cyclomaticComplexity="3" nPathComplexity="4" sequenceCoverage="100" branchCoverage="100" crapScore="3" isConstructor="false" isStatic="false" isGetter="false" isSetter="false">
              <Summary numSequencePoints="8" visitedSequencePoints="8" numBranchPoints="5" visitedBranchPoints="5" sequenceCoverage="100" branchCoverage="100" maxCyclomaticComplexity="3" minCyclomaticComplexity="3" maxCrapScore="3" minCrapScore="3" visitedClasses="0" numClasses="0" visitedMethods="1" numMethods="1" />
              <MetadataToken>100663320</MetadataToken>
              <Name>System.Void JeremyAnsel.Media.WavefrontObj.ObjFileWriterContext::WriteGroupNames(System.IO.StreamWriter,T,System.Func`2&lt;JeremyAnsel.Media.WavefrontObj.ObjGroup,System.Collections.Generic.IList`1&lt;T&gt;&gt;)</Name>
              <FileRef uid="3" />
              <SequencePoints>
                <SequencePoint vc="66" uspid="71" ordinal="0" offset="0" sl="50" sc="13" el="50" ec="62" bec="0" bev="0" fileid="3" />
                <SequencePoint vc="66" uspid="72" ordinal="1" offset="9" sl="52" sc="13" el="52" ec="47" bec="2" bev="2" fileid="3" />
                <SequencePoint vc="10" uspid="73" ordinal="2" offset="23" sl="54" sc="17" el="54" ec="46" bec="0" bev="0" fileid="3" />
                <SequencePoint vc="10" uspid="74" ordinal="3" offset="30" sl="56" sc="17" el="56" ec="54" bec="2" bev="2" fileid="3" />
                <SequencePoint vc="1" uspid="75" ordinal="4" offset="38" sl="58" sc="21" el="58" ec="51" bec="0" bev="0" fileid="3" />
                <SequencePoint vc="1" uspid="76" ordinal="5" offset="49" sl="59" sc="17" el="59" ec="18" bec="0" bev="0" fileid="3" />
                <SequencePoint vc="9" uspid="77" ordinal="6" offset="50" sl="62" sc="21" el="62" ec="59" bec="0" bev="0" fileid="3" />
                <SequencePoint vc="65" uspid="78" ordinal="7" offset="62" sl="65" sc="9" el="65" ec="10" bec="0" bev="0" fileid="3" />
              </SequencePoints>
              <BranchPoints>
                <BranchPoint vc="10" uspid="79" ordinal="0" offset="21" sl="52" path="0" offsetend="23" fileid="3" />
                <BranchPoint vc="56" uspid="80" ordinal="1" offset="21" sl="52" path="1" offsetend="62" fileid="3" />
                <BranchPoint vc="1" uspid="81" ordinal="2" offset="36" sl="56" path="0" offsetend="38" fileid="3" />
                <BranchPoint vc="9" uspid="82" ordinal="3" offset="36" sl="56" path="1" offsetend="50" fileid="3" />
              </BranchPoints>
              <MethodPoint xsi:type="SequencePoint" vc="66" uspid="71" ordinal="0" offset="0" sl="50" sc="13" el="50" ec="62" bec="0" bev="0" fileid="3" />
            </Method>
            <Method visited="true" cyclomaticComplexity="8" nPathComplexity="128" sequenceCoverage="100" branchCoverage="100" crapScore="8" isConstructor="false" isStatic="false" isGetter="false" isSetter="false">
              <Summary numSequencePoints="22" visitedSequencePoints="22" numBranchPoints="15" visitedBranchPoints="15" sequenceCoverage="100" branchCoverage="100" maxCyclomaticComplexity="8" minCyclomaticComplexity="8" maxCrapScore="8" minCrapScore="8" visitedClasses="0" numClasses="0" visitedMethods="1" numMethods="1" />
              <MetadataToken>100663321</MetadataToken>
              <Name>System.Void JeremyAnsel.Media.WavefrontObj.ObjFileWriterContext::WriteAttributesOfElement(System.IO.StreamWriter,JeremyAnsel.Media.WavefrontObj.ObjElement)</Name>
              <FileRef uid="3" />
              <SequencePoints>
                <SequencePoint vc="66" uspid="83" ordinal="0" offset="0" sl="69" sc="13" el="69" ec="55" bec="2" bev="2" fileid="3" />
                <SequencePoint vc="8" uspid="84" ordinal="1" offset="19" sl="71" sc="17" el="71" ec="54" bec="0" bev="0" fileid="3" />
                <SequencePoint vc="8" uspid="85" ordinal="2" offset="31" sl="73" sc="17" el="73" ec="59" bec="2" bev="2" fileid="3" />
                <SequencePoint vc="1" uspid="86" ordinal="3" offset="44" sl="75" sc="21" el="75" ec="43" bec="0" bev="0" fileid="3" />
                <SequencePoint vc="1" uspid="87" ordinal="4" offset="55" sl="76" sc="17" el="76" ec="18" bec="0" bev="0" fileid="3" />
                <SequencePoint vc="7" uspid="88" ordinal="5" offset="57" sl="79" sc="21" el="79" ec="64" bec="0" bev="0" fileid="3" />
                <SequencePoint vc="66" uspid="89" ordinal="6" offset="74" sl="83" sc="13" el="83" ec="61" bec="2" bev="2" fileid="3" />
                <SequencePoint vc="7" uspid="90" ordinal="7" offset="88" sl="85" sc="17" el="85" ec="60" bec="0" bev="0" fileid="3" />
                <SequencePoint vc="7" uspid="91" ordinal="8" offset="100" sl="87" sc="17" el="87" ec="65" bec="0" bev="0" fileid="3" />
                <SequencePoint vc="66" uspid="92" ordinal="9" offset="122" sl="90" sc="13" el="90" ec="49" bec="2" bev="2" fileid="3" />
                <SequencePoint vc="10" uspid="93" ordinal="10" offset="141" sl="92" sc="17" el="92" ec="48" bec="0" bev="0" fileid="3" />
                <SequencePoint vc="10" uspid="94" ordinal="11" offset="153" sl="94" sc="17" el="94" ec="56" bec="2" bev="2" fileid="3" />
                <SequencePoint vc="1" uspid="95" ordinal="12" offset="166" sl="96" sc="21" el="96" ec="52" bec="0" bev="0" fileid="3" />
                <SequencePoint vc="1" uspid="96" ordinal="13" offset="177" sl="97" sc="17" el="97" ec="18" bec="0" bev="0" fileid="3" />
                <SequencePoint vc="9" uspid="97" ordinal="14" offset="179" sl="100" sc="21" el="100" ec="66" bec="0" bev="0" fileid="3" />
                <SequencePoint vc="66" uspid="98" ordinal="15" offset="196" sl="104" sc="13" el="104" ec="59" bec="2" bev="2" fileid="3" />
                <SequencePoint vc="10" uspid="99" ordinal="16" offset="215" sl="106" sc="17" el="106" ec="58" bec="0" bev="0" fileid="3" />
                <SequencePoint vc="10" uspid="100" ordinal="17" offset="227" sl="108" sc="17" el="108" ec="61" bec="2" bev="2" fileid="3" />
                <SequencePoint vc="1" uspid="101" ordinal="18" offset="240" sl="110" sc="21" el="110" ec="52" bec="0" bev="0" fileid="3" />
                <SequencePoint vc="1" uspid="102" ordinal="19" offset="251" sl="111" sc="17" el="111" ec="18" bec="0" bev="0" fileid="3" />
                <SequencePoint vc="9" uspid="103" ordinal="20" offset="252" sl="114" sc="21" el="114" ec="71" bec="0" bev="0" fileid="3" />
                <SequencePoint vc="65" uspid="104" ordinal="21" offset="269" sl="117" sc="9" el="117" ec="10" bec="0" bev="0" fileid="3" />
              </SequencePoints>
              <BranchPoints>
                <BranchPoint vc="8" uspid="105" ordinal="0" offset="17" sl="69" path="0" offsetend="19" fileid="3" />
                <BranchPoint vc="58" uspid="106" ordinal="1" offset="17" sl="69" path="1" offsetend="74" fileid="3" />
                <BranchPoint vc="1" uspid="107" ordinal="2" offset="42" sl="73" path="0" offsetend="44" fileid="3" />
                <BranchPoint vc="7" uspid="108" ordinal="3" offset="42" sl="73" path="1" offsetend="57" fileid="3" />
                <BranchPoint vc="7" uspid="109" ordinal="4" offset="86" sl="83" path="0" offsetend="88" fileid="3" />
                <BranchPoint vc="59" uspid="110" ordinal="5" offset="86" sl="83" path="1" offsetend="122" fileid="3" />
                <BranchPoint vc="10" uspid="111" ordinal="6" offset="139" sl="90" path="0" offsetend="141" fileid="3" />
                <BranchPoint vc="56" uspid="112" ordinal="7" offset="139" sl="90" path="1" offsetend="196" fileid="3" />
                <BranchPoint vc="1" uspid="113" ordinal="8" offset="164" sl="94" path="0" offsetend="166" fileid="3" />
                <BranchPoint vc="9" uspid="114" ordinal="9" offset="164" sl="94" path="1" offsetend="179" fileid="3" />
                <BranchPoint vc="10" uspid="115" ordinal="10" offset="213" sl="104" path="0" offsetend="215" fileid="3" />
                <BranchPoint vc="56" uspid="116" ordinal="11" offset="213" sl="104" path="1" offsetend="269" fileid="3" />
                <BranchPoint vc="1" uspid="117" ordinal="12" offset="238" sl="108" path="0" offsetend="240" fileid="3" />
                <BranchPoint vc="9" uspid="118" ordinal="13" offset="238" sl="108" path="1" offsetend="252" fileid="3" />
              </BranchPoints>
              <MethodPoint xsi:type="SequencePoint" vc="66" uspid="83" ordinal="0" offset="0" sl="69" sc="13" el="69" ec="55" bec="2" bev="2" fileid="3" />
            </Method>
            <Method visited="true" cyclomaticComplexity="9" nPathComplexity="256" sequenceCoverage="100" branchCoverage="100" crapScore="9" isConstructor="false" isStatic="false" isGetter="false" isSetter="false">
              <Summary numSequencePoints="25" visitedSequencePoints="25" numBranchPoints="17" visitedBranchPoints="17" sequenceCoverage="100" branchCoverage="100" maxCyclomaticComplexity="9" minCyclomaticComplexity="9" maxCrapScore="9" minCrapScore="9" visitedClasses="0" numClasses="0" visitedMethods="1" numMethods="1" />
              <MetadataToken>100663322</MetadataToken>
              <Name>System.Void JeremyAnsel.Media.WavefrontObj.ObjFileWriterContext::WriteAttributesOfPolygonalElement(System.IO.StreamWriter,JeremyAnsel.Media.WavefrontObj.ObjPolygonalElement)</Name>
              <FileRef uid="3" />
              <SequencePoints>
                <SequencePoint vc="29" uspid="119" ordinal="0" offset="0" sl="121" sc="13" el="121" ec="75" bec="2" bev="2" fileid="3" />
                <SequencePoint vc="7" uspid="120" ordinal="1" offset="14" sl="123" sc="17" el="123" ec="74" bec="0" bev="0" fileid="3" />
                <SequencePoint vc="7" uspid="121" ordinal="2" offset="26" sl="125" sc="17" el="125" ec="52" bec="2" bev="2" fileid="3" />
                <SequencePoint vc="1" uspid="122" ordinal="3" offset="34" sl="127" sc="21" el="127" ec="47" bec="0" bev="0" fileid="3" />
                <SequencePoint vc="1" uspid="123" ordinal="4" offset="45" sl="128" sc="17" el="128" ec="18" bec="0" bev="0" fileid="3" />
                <SequencePoint vc="6" uspid="124" ordinal="5" offset="47" sl="131" sc="21" el="131" ec="74" bec="0" bev="0" fileid="3" />
                <SequencePoint vc="29" uspid="125" ordinal="6" offset="69" sl="135" sc="13" el="135" ec="89" bec="2" bev="2" fileid="3" />
                <SequencePoint vc="5" uspid="126" ordinal="7" offset="83" sl="137" sc="17" el="137" ec="88" bec="0" bev="0" fileid="3" />
                <SequencePoint vc="5" uspid="127" ordinal="8" offset="95" sl="139" sc="17" el="139" ec="54" bec="2" bev="2" fileid="3" />
                <SequencePoint vc="4" uspid="128" ordinal="9" offset="103" sl="141" sc="21" el="141" ec="50" bec="0" bev="0" fileid="3" />
                <SequencePoint vc="4" uspid="129" ordinal="10" offset="114" sl="142" sc="17" el="142" ec="18" bec="0" bev="0" fileid="3" />
                <SequencePoint vc="1" uspid="130" ordinal="11" offset="116" sl="145" sc="21" el="145" ec="51" bec="0" bev="0" fileid="3" />
                <SequencePoint vc="29" uspid="131" ordinal="12" offset="127" sl="149" sc="13" el="149" ec="89" bec="2" bev="2" fileid="3" />
                <SequencePoint vc="5" uspid="132" ordinal="13" offset="141" sl="151" sc="17" el="151" ec="88" bec="0" bev="0" fileid="3" />
                <SequencePoint vc="5" uspid="133" ordinal="14" offset="153" sl="153" sc="17" el="153" ec="54" bec="2" bev="2" fileid="3" />
                <SequencePoint vc="4" uspid="134" ordinal="15" offset="161" sl="155" sc="21" el="155" ec="53" bec="0" bev="0" fileid="3" />
                <SequencePoint vc="4" uspid="135" ordinal="16" offset="172" sl="156" sc="17" el="156" ec="18" bec="0" bev="0" fileid="3" />
                <SequencePoint vc="1" uspid="136" ordinal="17" offset="174" sl="159" sc="21" el="159" ec="54" bec="0" bev="0" fileid="3" />
                <SequencePoint vc="29" uspid="137" ordinal="18" offset="185" sl="163" sc="13" el="163" ec="95" bec="2" bev="2" fileid="3" />
                <SequencePoint vc="5" uspid="138" ordinal="19" offset="199" sl="165" sc="17" el="165" ec="94" bec="0" bev="0" fileid="3" />
                <SequencePoint vc="5" uspid="139" ordinal="20" offset="211" sl="167" sc="17" el="167" ec="57" bec="2" bev="2" fileid="3" />
                <SequencePoint vc="4" uspid="140" ordinal="21" offset="219" sl="169" sc="21" el="169" ec="53" bec="0" bev="0" fileid="3" />
                <SequencePoint vc="4" uspid="141" ordinal="22" offset="230" sl="170" sc="17" el="170" ec="18" bec="0" bev="0" fileid="3" />
                <SequencePoint vc="1" uspid="142" ordinal="23" offset="231" sl="173" sc="21" el="173" ec="54" bec="0" bev="0" fileid="3" />
                <SequencePoint vc="25" uspid="143" ordinal="24" offset="242" sl="176" sc="9" el="176" ec="10" bec="0" bev="0" fileid="3" />
              </SequencePoints>
              <BranchPoints>
                <BranchPoint vc="7" uspid="144" ordinal="0" offset="12" sl="121" path="0" offsetend="14" fileid="3" />
                <BranchPoint vc="22" uspid="145" ordinal="1" offset="12" sl="121" path="1" offsetend="69" fileid="3" />
                <BranchPoint vc="1" uspid="146" ordinal="2" offset="32" sl="125" path="0" offsetend="34" fileid="3" />
                <BranchPoint vc="6" uspid="147" ordinal="3" offset="32" sl="125" path="1" offsetend="47" fileid="3" />
                <BranchPoint vc="5" uspid="148" ordinal="4" offset="81" sl="135" path="0" offsetend="83" fileid="3" />
                <BranchPoint vc="24" uspid="149" ordinal="5" offset="81" sl="135" path="1" offsetend="127" fileid="3" />
                <BranchPoint vc="4" uspid="150" ordinal="6" offset="101" sl="139" path="0" offsetend="103" fileid="3" />
                <BranchPoint vc="1" uspid="151" ordinal="7" offset="101" sl="139" path="1" offsetend="116" fileid="3" />
                <BranchPoint vc="5" uspid="152" ordinal="8" offset="139" sl="149" path="0" offsetend="141" fileid="3" />
                <BranchPoint vc="24" uspid="153" ordinal="9" offset="139" sl="149" path="1" offsetend="185" fileid="3" />
                <BranchPoint vc="4" uspid="154" ordinal="10" offset="159" sl="153" path="0" offsetend="161" fileid="3" />
                <BranchPoint vc="1" uspid="155" ordinal="11" offset="159" sl="153" path="1" offsetend="174" fileid="3" />
                <BranchPoint vc="5" uspid="156" ordinal="12" offset="197" sl="163" path="0" offsetend="199" fileid="3" />
                <BranchPoint vc="24" uspid="157" ordinal="13" offset="197" sl="163" path="1" offsetend="242" fileid="3" />
                <BranchPoint vc="4" uspid="158" ordinal="14" offset="217" sl="167" path="0" offsetend="219" fileid="3" />
                <BranchPoint vc="1" uspid="159" ordinal="15" offset="217" sl="167" path="1" offsetend="231" fileid="3" />
              </BranchPoints>
              <MethodPoint xsi:type="SequencePoint" vc="29" uspid="119" ordinal="0" offset="0" sl="121" sc="13" el="121" ec="75" bec="2" bev="2" fileid="3" />
            </Method>
            <Method visited="true" cyclomaticComplexity="28" nPathComplexity="6291456" sequenceCoverage="100" branchCoverage="95.74" crapScore="28" isConstructor="false" isStatic="false" isGetter="false" isSetter="false">
              <Summary numSequencePoints="84" visitedSequencePoints="84" numBranchPoints="47" visitedBranchPoints="45" sequenceCoverage="100" branchCoverage="95.74" maxCyclomaticComplexity="28" minCyclomaticComplexity="28" maxCrapScore="28" minCrapScore="28" visitedClasses="0" numClasses="0" visitedMethods="1" numMethods="1" />
              <MetadataToken>100663323</MetadataToken>
              <Name>System.Void JeremyAnsel.Media.WavefrontObj.ObjFileWriterContext::WriteAttributesOfFreeFormElement(System.IO.StreamWriter,JeremyAnsel.Media.WavefrontObj.ObjFreeFormElement)</Name>
              <FileRef uid="3" />
              <SequencePoints>
                <SequencePoint vc="37" uspid="160" ordinal="0" offset="0" sl="180" sc="13" el="180" ec="71" bec="2" bev="2" fileid="3" />
                <SequencePoint vc="5" uspid="161" ordinal="1" offset="14" sl="182" sc="17" el="182" ec="70" bec="0" bev="0" fileid="3" />
                <SequencePoint vc="5" uspid="162" ordinal="2" offset="26" sl="184" sc="17" el="184" ec="50" bec="2" bev="2" fileid="3" />
                <SequencePoint vc="1" uspid="163" ordinal="3" offset="34" sl="186" sc="21" el="186" ec="48" bec="0" bev="0" fileid="3" />
                <SequencePoint vc="1" uspid="164" ordinal="4" offset="45" sl="187" sc="17" el="187" ec="18" bec="0" bev="0" fileid="3" />
                <SequencePoint vc="4" uspid="165" ordinal="5" offset="47" sl="190" sc="21" el="190" ec="86" bec="0" bev="0" fileid="3" />
                <SequencePoint vc="4" uspid="166" ordinal="6" offset="70" sl="191" sc="21" el="191" ec="127" bec="0" bev="0" fileid="3" />
                <SequencePoint vc="37" uspid="167" ordinal="7" offset="109" sl="195" sc="13" el="195" ec="42" bec="6" bev="6" fileid="3" />
                <SequencePoint vc="28" uspid="168" ordinal="8" offset="147" sl="198" sc="21" el="198" ec="44" bec="0" bev="0" fileid="3" />
                <SequencePoint vc="28" uspid="169" ordinal="9" offset="158" sl="200" sc="21" el="200" ec="48" bec="2" bev="2" fileid="3" />
                <SequencePoint vc="26" uspid="170" ordinal="10" offset="166" sl="202" sc="25" el="202" ec="46" bec="0" bev="0" fileid="3" />
                <SequencePoint vc="28" uspid="171" ordinal="11" offset="177" sl="205" sc="21" el="205" ec="50" bec="0" bev="0" fileid="3" />
                <SequencePoint vc="28" uspid="172" ordinal="12" offset="188" sl="206" sc="21" el="206" ec="27" bec="0" bev="0" fileid="3" />
                <SequencePoint vc="2" uspid="173" ordinal="13" offset="193" sl="209" sc="21" el="209" ec="44" bec="0" bev="0" fileid="3" />
                <SequencePoint vc="2" uspid="174" ordinal="14" offset="204" sl="211" sc="21" el="211" ec="48" bec="2" bev="2" fileid="3" />
                <SequencePoint vc="1" uspid="175" ordinal="15" offset="212" sl="213" sc="25" el="213" ec="46" bec="0" bev="0" fileid="3" />
                <SequencePoint vc="2" uspid="176" ordinal="16" offset="223" sl="216" sc="21" el="216" ec="49" bec="0" bev="0" fileid="3" />
                <SequencePoint vc="2" uspid="177" ordinal="17" offset="234" sl="217" sc="21" el="217" ec="27" bec="0" bev="0" fileid="3" />
                <SequencePoint vc="2" uspid="178" ordinal="18" offset="236" sl="220" sc="21" el="220" ec="44" bec="0" bev="0" fileid="3" />
                <SequencePoint vc="2" uspid="179" ordinal="19" offset="247" sl="222" sc="21" el="222" ec="48" bec="2" bev="2" fileid="3" />
                <SequencePoint vc="1" uspid="180" ordinal="20" offset="255" sl="224" sc="25" el="224" ec="46" bec="0" bev="0" fileid="3" />
                <SequencePoint vc="2" uspid="181" ordinal="21" offset="266" sl="227" sc="21" el="227" ec="50" bec="0" bev="0" fileid="3" />
                <SequencePoint vc="2" uspid="182" ordinal="22" offset="277" sl="228" sc="21" el="228" ec="27" bec="0" bev="0" fileid="3" />
                <SequencePoint vc="2" uspid="183" ordinal="23" offset="279" sl="231" sc="21" el="231" ec="44" bec="0" bev="0" fileid="3" />
                <SequencePoint vc="2" uspid="184" ordinal="24" offset="290" sl="233" sc="21" el="233" ec="48" bec="2" bev="2" fileid="3" />
                <SequencePoint vc="1" uspid="185" ordinal="25" offset="298" sl="235" sc="25" el="235" ec="46" bec="0" bev="0" fileid="3" />
                <SequencePoint vc="2" uspid="186" ordinal="26" offset="309" sl="238" sc="21" el="238" ec="51" bec="0" bev="0" fileid="3" />
                <SequencePoint vc="2" uspid="187" ordinal="27" offset="320" sl="239" sc="21" el="239" ec="27" bec="0" bev="0" fileid="3" />
                <SequencePoint vc="2" uspid="188" ordinal="28" offset="322" sl="242" sc="21" el="242" ec="44" bec="0" bev="0" fileid="3" />
                <SequencePoint vc="2" uspid="189" ordinal="29" offset="333" sl="244" sc="21" el="244" ec="48" bec="2" bev="2" fileid="3" />
                <SequencePoint vc="1" uspid="190" ordinal="30" offset="341" sl="246" sc="25" el="246" ec="46" bec="0" bev="0" fileid="3" />
                <SequencePoint vc="2" uspid="191" ordinal="31" offset="352" sl="249" sc="21" el="249" ec="49" bec="0" bev="0" fileid="3" />
                <SequencePoint vc="37" uspid="192" ordinal="32" offset="363" sl="253" sc="13" el="253" ec="38" bec="2" bev="2" fileid="3" />
                <SequencePoint vc="1" uspid="193" ordinal="33" offset="371" sl="255" sc="17" el="255" ec="62" bec="0" bev="0" fileid="3" />
                <SequencePoint vc="1" uspid="194" ordinal="34" offset="393" sl="256" sc="13" el="256" ec="14" bec="0" bev="0" fileid="3" />
                <SequencePoint vc="36" uspid="195" ordinal="35" offset="395" sl="259" sc="17" el="259" ec="83" bec="0" bev="0" fileid="3" />
                <SequencePoint vc="37" uspid="196" ordinal="36" offset="428" sl="262" sc="13" el="262" ec="46" bec="2" bev="2" fileid="3" />
                <SequencePoint vc="36" uspid="197" ordinal="37" offset="436" sl="264" sc="17" el="264" ec="40" bec="0" bev="0" fileid="3" />
                <SequencePoint vc="36" uspid="198" ordinal="38" offset="447" sl="266" sc="41" el="266" ec="61" bec="0" bev="0" fileid="3" />
                <SequencePoint vc="144" uspid="199" ordinal="39" offset="458" sl="266" sc="26" el="266" ec="37" bec="0" bev="0" fileid="3" />
                <SequencePoint vc="144" uspid="200" ordinal="40" offset="463" sl="268" sc="21" el="268" ec="39" bec="0" bev="0" fileid="3" />
                <SequencePoint vc="144" uspid="201" ordinal="41" offset="471" sl="269" sc="21" el="269" ec="86" bec="0" bev="0" fileid="3" />
                <SequencePoint vc="180" uspid="202" ordinal="42" offset="498" sl="266" sc="38" el="266" ec="40" bec="0" bev="0" fileid="3" />
                <SequencePoint vc="36" uspid="203" ordinal="43" offset="504" sl="272" sc="17" el="272" ec="36" bec="0" bev="0" fileid="3" />
                <SequencePoint vc="37" uspid="204" ordinal="44" offset="510" sl="275" sc="13" el="275" ec="46" bec="2" bev="2" fileid="3" />
                <SequencePoint vc="36" uspid="205" ordinal="45" offset="518" sl="277" sc="17" el="277" ec="40" bec="0" bev="0" fileid="3" />
                <SequencePoint vc="36" uspid="206" ordinal="46" offset="529" sl="279" sc="41" el="279" ec="61" bec="0" bev="0" fileid="3" />
                <SequencePoint vc="144" uspid="207" ordinal="47" offset="540" sl="279" sc="26" el="279" ec="37" bec="0" bev="0" fileid="3" />
                <SequencePoint vc="144" uspid="208" ordinal="48" offset="545" sl="281" sc="21" el="281" ec="39" bec="0" bev="0" fileid="3" />
                <SequencePoint vc="144" uspid="209" ordinal="49" offset="553" sl="282" sc="21" el="282" ec="86" bec="0" bev="0" fileid="3" />
                <SequencePoint vc="180" uspid="210" ordinal="50" offset="580" sl="279" sc="38" el="279" ec="40" bec="0" bev="0" fileid="3" />
                <SequencePoint vc="36" uspid="211" ordinal="51" offset="586" sl="285" sc="17" el="285" ec="36" bec="0" bev="0" fileid="3" />
                <SequencePoint vc="37" uspid="212" ordinal="52" offset="592" sl="288" sc="13" el="288" ec="39" bec="2" bev="2" fileid="3" />
                <SequencePoint vc="1" uspid="213" ordinal="53" offset="605" sl="290" sc="17" el="292" ec="81" bec="0" bev="0" fileid="3" />
                <SequencePoint vc="1" uspid="214" ordinal="54" offset="641" sl="293" sc="13" el="293" ec="14" bec="0" bev="0" fileid="3" />
                <SequencePoint vc="36" uspid="215" ordinal="55" offset="643" sl="296" sc="17" el="299" ec="81" bec="0" bev="0" fileid="3" />
                <SequencePoint vc="37" uspid="216" ordinal="56" offset="704" sl="302" sc="13" el="302" ec="61" bec="2" bev="2" fileid="3" />
                <SequencePoint vc="36" uspid="217" ordinal="57" offset="715" sl="304" sc="17" el="304" ec="102" bec="2" bev="2" fileid="3" />
                <SequencePoint vc="34" uspid="218" ordinal="58" offset="728" sl="306" sc="21" el="306" ec="116" bec="0" bev="0" fileid="3" />
                <SequencePoint vc="34" uspid="219" ordinal="59" offset="741" sl="307" sc="21" el="307" ec="125" bec="0" bev="0" fileid="3" />
                <SequencePoint vc="34" uspid="220" ordinal="60" offset="778" sl="308" sc="17" el="308" ec="18" bec="0" bev="0" fileid="3" />
                <SequencePoint vc="2" uspid="221" ordinal="61" offset="783" sl="309" sc="22" el="309" ec="104" bec="2" bev="2" fileid="3" />
                <SequencePoint vc="1" uspid="222" ordinal="62" offset="796" sl="311" sc="21" el="311" ec="113" bec="0" bev="0" fileid="3" />
                <SequencePoint vc="1" uspid="223" ordinal="63" offset="809" sl="312" sc="21" el="312" ec="128" bec="0" bev="0" fileid="3" />
                <SequencePoint vc="1" uspid="224" ordinal="64" offset="846" sl="313" sc="17" el="313" ec="18" bec="0" bev="0" fileid="3" />
                <SequencePoint vc="1" uspid="225" ordinal="65" offset="848" sl="314" sc="22" el="314" ec="107" bec="2" bev="1" fileid="3" />
                <SequencePoint vc="1" uspid="226" ordinal="66" offset="861" sl="316" sc="21" el="316" ec="116" bec="0" bev="0" fileid="3" />
                <SequencePoint vc="1" uspid="227" ordinal="67" offset="874" sl="317" sc="21" el="320" ec="94" bec="0" bev="0" fileid="3" />
                <SequencePoint vc="37" uspid="228" ordinal="68" offset="937" sl="324" sc="13" el="324" ec="63" bec="2" bev="2" fileid="3" />
                <SequencePoint vc="36" uspid="229" ordinal="69" offset="948" sl="326" sc="17" el="326" ec="104" bec="2" bev="2" fileid="3" />
                <SequencePoint vc="34" uspid="230" ordinal="70" offset="964" sl="328" sc="21" el="328" ec="118" bec="0" bev="0" fileid="3" />
                <SequencePoint vc="34" uspid="231" ordinal="71" offset="977" sl="330" sc="21" el="330" ec="72" bec="2" bev="2" fileid="3" />
                <SequencePoint vc="1" uspid="232" ordinal="72" offset="993" sl="332" sc="25" el="334" ec="97" bec="0" bev="0" fileid="3" />
                <SequencePoint vc="1" uspid="233" ordinal="73" offset="1030" sl="335" sc="21" el="335" ec="22" bec="0" bev="0" fileid="3" />
                <SequencePoint vc="33" uspid="234" ordinal="74" offset="1031" sl="338" sc="25" el="341" ec="97" bec="0" bev="0" fileid="3" />
                <SequencePoint vc="33" uspid="235" ordinal="75" offset="1094" sl="343" sc="17" el="343" ec="18" bec="0" bev="0" fileid="3" />
                <SequencePoint vc="2" uspid="236" ordinal="76" offset="1095" sl="344" sc="22" el="344" ec="106" bec="2" bev="2" fileid="3" />
                <SequencePoint vc="1" uspid="237" ordinal="77" offset="1108" sl="346" sc="21" el="346" ec="115" bec="0" bev="0" fileid="3" />
                <SequencePoint vc="1" uspid="238" ordinal="78" offset="1121" sl="347" sc="21" el="347" ec="128" bec="0" bev="0" fileid="3" />
                <SequencePoint vc="1" uspid="239" ordinal="79" offset="1158" sl="348" sc="17" el="348" ec="18" bec="0" bev="0" fileid="3" />
                <SequencePoint vc="1" uspid="240" ordinal="80" offset="1159" sl="349" sc="22" el="349" ec="109" bec="2" bev="1" fileid="3" />
                <SequencePoint vc="1" uspid="241" ordinal="81" offset="1172" sl="351" sc="21" el="351" ec="118" bec="0" bev="0" fileid="3" />
                <SequencePoint vc="1" uspid="242" ordinal="82" offset="1185" sl="352" sc="21" el="355" ec="94" bec="0" bev="0" fileid="3" />
                <SequencePoint vc="2" uspid="243" ordinal="83" offset="1248" sl="358" sc="9" el="358" ec="10" bec="0" bev="0" fileid="3" />
              </SequencePoints>
              <BranchPoints>
                <BranchPoint vc="5" uspid="244" ordinal="0" offset="12" sl="180" path="0" offsetend="14" fileid="3" />
                <BranchPoint vc="32" uspid="245" ordinal="1" offset="12" sl="180" path="1" offsetend="109" fileid="3" />
                <BranchPoint vc="1" uspid="246" ordinal="2" offset="32" sl="184" path="0" offsetend="34" fileid="3" />
                <BranchPoint vc="4" uspid="247" ordinal="3" offset="32" sl="184" path="1" offsetend="47" fileid="3" />
                <BranchPoint vc="1" uspid="248" ordinal="4" offset="117" sl="195" path="0" offsetchain="142" offsetend="363" fileid="3" />
                <BranchPoint vc="28" uspid="249" ordinal="5" offset="117" sl="195" path="1" offsetend="147" fileid="3" />
                <BranchPoint vc="2" uspid="250" ordinal="6" offset="117" sl="195" path="2" offsetend="193" fileid="3" />
                <BranchPoint vc="2" uspid="251" ordinal="7" offset="117" sl="195" path="3" offsetend="236" fileid="3" />
                <BranchPoint vc="2" uspid="252" ordinal="8" offset="117" sl="195" path="4" offsetend="279" fileid="3" />
                <BranchPoint vc="2" uspid="253" ordinal="9" offset="117" sl="195" path="5" offsetend="322" fileid="3" />
                <BranchPoint vc="26" uspid="254" ordinal="10" offset="164" sl="200" path="0" offsetend="166" fileid="3" />
                <BranchPoint vc="2" uspid="255" ordinal="11" offset="164" sl="200" path="1" offsetend="177" fileid="3" />
                <BranchPoint vc="1" uspid="256" ordinal="12" offset="210" sl="211" path="0" offsetend="212" fileid="3" />
                <BranchPoint vc="1" uspid="257" ordinal="13" offset="210" sl="211" path="1" offsetend="223" fileid="3" />
                <BranchPoint vc="1" uspid="258" ordinal="14" offset="253" sl="222" path="0" offsetend="255" fileid="3" />
                <BranchPoint vc="1" uspid="259" ordinal="15" offset="253" sl="222" path="1" offsetend="266" fileid="3" />
                <BranchPoint vc="1" uspid="260" ordinal="16" offset="296" sl="233" path="0" offsetend="298" fileid="3" />
                <BranchPoint vc="1" uspid="261" ordinal="17" offset="296" sl="233" path="1" offsetend="309" fileid="3" />
                <BranchPoint vc="1" uspid="262" ordinal="18" offset="339" sl="244" path="0" offsetend="341" fileid="3" />
                <BranchPoint vc="1" uspid="263" ordinal="19" offset="339" sl="244" path="1" offsetend="352" fileid="3" />
                <BranchPoint vc="1" uspid="264" ordinal="20" offset="369" sl="253" path="0" offsetend="371" fileid="3" />
                <BranchPoint vc="36" uspid="265" ordinal="21" offset="369" sl="253" path="1" offsetend="395" fileid="3" />
                <BranchPoint vc="36" uspid="266" ordinal="22" offset="434" sl="262" path="0" offsetend="436" fileid="3" />
                <BranchPoint vc="1" uspid="267" ordinal="23" offset="434" sl="262" path="1" offsetend="510" fileid="3" />
                <BranchPoint vc="36" uspid="270" ordinal="26" offset="516" sl="275" path="0" offsetend="518" fileid="3" />
                <BranchPoint vc="1" uspid="271" ordinal="27" offset="516" sl="275" path="1" offsetend="592" fileid="3" />
                <BranchPoint vc="1" uspid="274" ordinal="30" offset="603" sl="288" path="0" offsetend="605" fileid="3" />
                <BranchPoint vc="36" uspid="275" ordinal="31" offset="603" sl="288" path="1" offsetend="643" fileid="3" />
                <BranchPoint vc="36" uspid="276" ordinal="32" offset="710" sl="302" path="0" offsetend="715" fileid="3" />
                <BranchPoint vc="1" uspid="277" ordinal="33" offset="710" sl="302" path="1" offsetend="937" fileid="3" />
                <BranchPoint vc="34" uspid="278" ordinal="34" offset="726" sl="304" path="0" offsetend="728" fileid="3" />
                <BranchPoint vc="2" uspid="279" ordinal="35" offset="726" sl="304" path="1" offsetend="783" fileid="3" />
                <BranchPoint vc="1" uspid="280" ordinal="36" offset="794" sl="309" path="0" offsetend="796" fileid="3" />
                <BranchPoint vc="1" uspid="281" ordinal="37" offset="794" sl="309" path="1" offsetend="848" fileid="3" />
                <BranchPoint vc="1" uspid="282" ordinal="38" offset="859" sl="314" path="0" offsetend="861" fileid="3" />
                <BranchPoint vc="0" uspid="283" ordinal="39" offset="859" sl="314" path="1" offsetend="937" fileid="3" />
                <BranchPoint vc="36" uspid="284" ordinal="40" offset="943" sl="324" path="0" offsetend="948" fileid="3" />
                <BranchPoint vc="1" uspid="285" ordinal="41" offset="943" sl="324" path="1" offsetend="1248" fileid="3" />
                <BranchPoint vc="34" uspid="286" ordinal="42" offset="959" sl="326" path="0" offsetend="964" fileid="3" />
                <BranchPoint vc="2" uspid="287" ordinal="43" offset="959" sl="326" path="1" offsetend="1095" fileid="3" />
                <BranchPoint vc="1" uspid="288" ordinal="44" offset="991" sl="330" path="0" offsetend="993" fileid="3" />
[...]
            </Method>
            <Method visited="true" cyclomaticComplexity="1" nPathComplexity="0" sequenceCoverage="100" branchCoverage="100" crapScore="1" isConstructor="false" isStatic="false" isGetter="false" isSetter="true">
              <Summary numSequencePoints="2" visitedSequencePoints="2" numBranchPoints="1" visitedBranchPoints="1" sequenceCoverage="100" branchCoverage="100" maxCyclomaticComplexity="1" minCyclomaticComplexity="1" maxCrapScore="1" minCrapScore="1" visitedClasses="0" numClasses="0" visitedMethods="1" numMethods="1" />
              <MetadataToken>100663718</MetadataToken>
              <Name>System.Void JeremyAnsel.Media.WavefrontObj.ObjVector4::set_Z(System.Single)</Name>
              <FileRef uid="35" />
              <SequencePoints>
                <SequencePoint vc="1" uspid="3292" ordinal="0" offset="0" sl="56" sc="19" el="56" ec="34" bec="0" bev="0" fileid="35" />
                <SequencePoint vc="1" uspid="3293" ordinal="1" offset="7" sl="56" sc="35" el="56" ec="36" bec="0" bev="0" fileid="35" />
              </SequencePoints>
              <BranchPoints />
              <MethodPoint xsi:type="SequencePoint" vc="1" uspid="3292" ordinal="0" offset="0" sl="56" sc="19" el="56" ec="34" bec="0" bev="0" fileid="35" />
            </Method>
            <Method visited="true" cyclomaticComplexity="1" nPathComplexity="0" sequenceCoverage="100" branchCoverage="100" crapScore="1" isConstructor="false" isStatic="false" isGetter="true" isSetter="false">
              <Summary numSequencePoints="1" visitedSequencePoints="1" numBranchPoints="1" visitedBranchPoints="1" sequenceCoverage="100" branchCoverage="100" maxCyclomaticComplexity="1" minCyclomaticComplexity="1" maxCrapScore="1" minCrapScore="1" visitedClasses="0" numClasses="0" visitedMethods="1" numMethods="1" />
              <MetadataToken>100663719</MetadataToken>
              <Name>System.Single JeremyAnsel.Media.WavefrontObj.ObjVector4::get_W()</Name>
              <FileRef uid="35" />
              <SequencePoints>
                <SequencePoint vc="36" uspid="3294" ordinal="0" offset="0" sl="61" sc="19" el="61" ec="33" bec="0" bev="0" fileid="35" />
              </SequencePoints>
              <BranchPoints />
              <MethodPoint xsi:type="SequencePoint" vc="36" uspid="3294" ordinal="0" offset="0" sl="61" sc="19" el="61" ec="33" bec="0" bev="0" fileid="35" />
            </Method>
            <Method visited="true" cyclomaticComplexity="1" nPathComplexity="0" sequenceCoverage="100" branchCoverage="100" crapScore="1" isConstructor="false" isStatic="false" isGetter="false" isSetter="true">
              <Summary numSequencePoints="2" visitedSequencePoints="2" numBranchPoints="1" visitedBranchPoints="1" sequenceCoverage="100" branchCoverage="100" maxCyclomaticComplexity="1" minCyclomaticComplexity="1" maxCrapScore="1" minCrapScore="1" visitedClasses="0" numClasses="0" visitedMethods="1" numMethods="1" />
              <MetadataToken>100663720</MetadataToken>
              <Name>System.Void JeremyAnsel.Media.WavefrontObj.ObjVector4::set_W(System.Single)</Name>
              <FileRef uid="35" />
              <SequencePoints>
                <SequencePoint vc="1" uspid="3295" ordinal="0" offset="0" sl="62" sc="19" el="62" ec="34" bec="0" bev="0" fileid="35" />
                <SequencePoint vc="1" uspid="3296" ordinal="1" offset="7" sl="62" sc="35" el="62" ec="36" bec="0" bev="0" fileid="35" />
              </SequencePoints>
              <BranchPoints />
              <MethodPoint xsi:type="SequencePoint" vc="1" uspid="3295" ordinal="0" offset="0" sl="62" sc="19" el="62" ec="34" bec="0" bev="0" fileid="35" />
            </Method>
            <Method visited="true" cyclomaticComplexity="1" nPathComplexity="0" sequenceCoverage="100" branchCoverage="100" crapScore="1" isConstructor="true" isStatic="false" isGetter="false" isSetter="false">
              <Summary numSequencePoints="5" visitedSequencePoints="5" numBranchPoints="1" visitedBranchPoints="1" sequenceCoverage="100" branchCoverage="100" maxCyclomaticComplexity="1" minCyclomaticComplexity="1" maxCrapScore="1" minCrapScore="1" visitedClasses="0" numClasses="0" visitedMethods="1" numMethods="1" />
              <MetadataToken>100663711</MetadataToken>
              <Name>System.Void JeremyAnsel.Media.WavefrontObj.ObjVector4::.ctor(System.Single,System.Single,System.Single,System.Single)</Name>
              <FileRef uid="35" />
              <SequencePoints>
                <SequencePoint vc="209" uspid="3297" ordinal="0" offset="0" sl="27" sc="13" el="27" ec="24" bec="0" bev="0" fileid="35" />
                <SequencePoint vc="209" uspid="3298" ordinal="1" offset="7" sl="28" sc="13" el="28" ec="24" bec="0" bev="0" fileid="35" />
                <SequencePoint vc="209" uspid="3299" ordinal="2" offset="14" sl="29" sc="13" el="29" ec="24" bec="0" bev="0" fileid="35" />
                <SequencePoint vc="209" uspid="3300" ordinal="3" offset="21" sl="30" sc="13" el="30" ec="24" bec="0" bev="0" fileid="35" />
                <SequencePoint vc="209" uspid="3301" ordinal="4" offset="29" sl="31" sc="9" el="31" ec="10" bec="0" bev="0" fileid="35" />
              </SequencePoints>
              <BranchPoints />
              <MethodPoint xsi:type="SequencePoint" vc="209" uspid="3297" ordinal="0" offset="0" sl="27" sc="13" el="27" ec="24" bec="0" bev="0" fileid="35" />
            </Method>
            <Method visited="true" cyclomaticComplexity="1" nPathComplexity="0" sequenceCoverage="100" branchCoverage="100" crapScore="1" isConstructor="true" isStatic="false" isGetter="false" isSetter="false">
              <Summary numSequencePoints="5" visitedSequencePoints="5" numBranchPoints="1" visitedBranchPoints="1" sequenceCoverage="100" branchCoverage="100" maxCyclomaticComplexity="1" minCyclomaticComplexity="1" maxCrapScore="1" minCrapScore="1" visitedClasses="0" numClasses="0" visitedMethods="1" numMethods="1" />
              <MetadataToken>100663712</MetadataToken>
              <Name>System.Void JeremyAnsel.Media.WavefrontObj.ObjVector4::.ctor(System.Single,System.Single,System.Single)</Name>
              <FileRef uid="35" />
              <SequencePoints>
                <SequencePoint vc="1" uspid="3302" ordinal="0" offset="0" sl="35" sc="13" el="35" ec="24" bec="0" bev="0" fileid="35" />
                <SequencePoint vc="1" uspid="3303" ordinal="1" offset="7" sl="36" sc="13" el="36" ec="24" bec="0" bev="0" fileid="35" />
                <SequencePoint vc="1" uspid="3304" ordinal="2" offset="14" sl="37" sc="13" el="37" ec="24" bec="0" bev="0" fileid="35" />
                <SequencePoint vc="1" uspid="3305" ordinal="3" offset="21" sl="38" sc="13" el="38" ec="27" bec="0" bev="0" fileid="35" />
                <SequencePoint vc="1" uspid="3306" ordinal="4" offset="32" sl="39" sc="9" el="39" ec="10" bec="0" bev="0" fileid="35" />
              </SequencePoints>
              <BranchPoints />
              <MethodPoint xsi:type="SequencePoint" vc="1" uspid="3302" ordinal="0" offset="0" sl="35" sc="13" el="35" ec="24" bec="0" bev="0" fileid="35" />
            </Method>
          </Methods>
        </Class>
        <Class>
          <Summary numSequencePoints="18" visitedSequencePoints="18" numBranchPoints="8" visitedBranchPoints="8" sequenceCoverage="100" branchCoverage="100" maxCyclomaticComplexity="1" minCyclomaticComplexity="1" maxCrapScore="1" minCrapScore="1" visitedClasses="1" numClasses="1" visitedMethods="8" numMethods="8" />
          <FullName>JeremyAnsel.Media.WavefrontObj.ObjVertex</FullName>
          <Methods>
            <Method visited="true" cyclomaticComplexity="1" nPathComplexity="0" sequenceCoverage="100" branchCoverage="100" crapScore="1" isConstructor="false" isStatic="false" isGetter="true" isSetter="false">
              <Summary numSequencePoints="1" visitedSequencePoints="1" numBranchPoints="1" visitedBranchPoints="1" sequenceCoverage="100" branchCoverage="100" maxCyclomaticComplexity="1" minCyclomaticComplexity="1" maxCrapScore="1" minCrapScore="1" visitedClasses="0" numClasses="0" visitedMethods="1" numMethods="1" />
              <MetadataToken>100663725</MetadataToken>
              <Name>JeremyAnsel.Media.WavefrontObj.ObjVector4 JeremyAnsel.Media.WavefrontObj.ObjVertex::get_Position()</Name>
              <FileRef uid="36" />
              <SequencePoints>
                <SequencePoint vc="42" uspid="3307" ordinal="0" offset="0" sl="47" sc="19" el="47" ec="40" bec="0" bev="0" fileid="36" />
              </SequencePoints>
              <BranchPoints />
              <MethodPoint xsi:type="SequencePoint" vc="42" uspid="3307" ordinal="0" offset="0" sl="47" sc="19" el="47" ec="40" bec="0" bev="0" fileid="36" />
            </Method>
            <Method visited="true" cyclomaticComplexity="1" nPathComplexity="0" sequenceCoverage="100" branchCoverage="100" crapScore="1" isConstructor="false" isStatic="false" isGetter="false" isSetter="true">
              <Summary numSequencePoints="2" visitedSequencePoints="2" numBranchPoints="1" visitedBranchPoints="1" sequenceCoverage="100" branchCoverage="100" maxCyclomaticComplexity="1" minCyclomaticComplexity="1" maxCrapScore="1" minCrapScore="1" visitedClasses="0" numClasses="0" visitedMethods="1" numMethods="1" />
              <MetadataToken>100663726</MetadataToken>
              <Name>System.Void JeremyAnsel.Media.WavefrontObj.ObjVertex::set_Position(JeremyAnsel.Media.WavefrontObj.ObjVector4)</Name>
              <FileRef uid="36" />
              <SequencePoints>
                <SequencePoint vc="164" uspid="3308" ordinal="0" offset="0" sl="48" sc="19" el="48" ec="41" bec="0" bev="0" fileid="36" />
                <SequencePoint vc="164" uspid="3309" ordinal="1" offset="7" sl="48" sc="42" el="48" ec="43" bec="0" bev="0" fileid="36" />
              </SequencePoints>
              <BranchPoints />
              <MethodPoint xsi:type="SequencePoint" vc="164" uspid="3308" ordinal="0" offset="0" sl="48" sc="19" el="48" ec="41" bec="0" bev="0" fileid="36" />
            </Method>
            <Method visited="true" cyclomaticComplexity="1" nPathComplexity="0" sequenceCoverage="100" branchCoverage="100" crapScore="1" isConstructor="false" isStatic="false" isGetter="true" isSetter="false">
              <Summary numSequencePoints="1" visitedSequencePoints="1" numBranchPoints="1" visitedBranchPoints="1" sequenceCoverage="100" branchCoverage="100" maxCyclomaticComplexity="1" minCyclomaticComplexity="1" maxCrapScore="1" minCrapScore="1" visitedClasses="0" numClasses="0" visitedMethods="1" numMethods="1" />
              <MetadataToken>100663727</MetadataToken>
              <Name>System.Nullable`1&lt;JeremyAnsel.Media.WavefrontObj.ObjVector4&gt; JeremyAnsel.Media.WavefrontObj.ObjVertex::get_Color()</Name>
              <FileRef uid="36" />
              <SequencePoints>
                <SequencePoint vc="38" uspid="3310" ordinal="0" offset="0" sl="53" sc="19" el="53" ec="37" bec="0" bev="0" fileid="36" />
              </SequencePoints>
              <BranchPoints />
              <MethodPoint xsi:type="SequencePoint" vc="38" uspid="3310" ordinal="0" offset="0" sl="53" sc="19" el="53" ec="37" bec="0" bev="0" fileid="36" />
            </Method>
            <Method visited="true" cyclomaticComplexity="1" nPathComplexity="0" sequenceCoverage="100" branchCoverage="100" crapScore="1" isConstructor="false" isStatic="false" isGetter="false" isSetter="true">
              <Summary numSequencePoints="2" visitedSequencePoints="2" numBranchPoints="1" visitedBranchPoints="1" sequenceCoverage="100" branchCoverage="100" maxCyclomaticComplexity="1" minCyclomaticComplexity="1" maxCrapScore="1" minCrapScore="1" visitedClasses="0" numClasses="0" visitedMethods="1" numMethods="1" />
              <MetadataToken>100663728</MetadataToken>
              <Name>System.Void JeremyAnsel.Media.WavefrontObj.ObjVertex::set_Color(System.Nullable`1&lt;JeremyAnsel.Media.WavefrontObj.ObjVector4&gt;)</Name>
              <FileRef uid="36" />
              <SequencePoints>
                <SequencePoint vc="3" uspid="3311" ordinal="0" offset="0" sl="54" sc="19" el="54" ec="38" bec="0" bev="0" fileid="36" />
                <SequencePoint vc="3" uspid="3312" ordinal="1" offset="7" sl="54" sc="39" el="54" ec="40" bec="0" bev="0" fileid="36" />
              </SequencePoints>
              <BranchPoints />
              <MethodPoint xsi:type="SequencePoint" vc="3" uspid="3311" ordinal="0" offset="0" sl="54" sc="19" el="54" ec="38" bec="0" bev="0" fileid="36" />
            </Method>
            <Method visited="true" cyclomaticComplexity="1" nPathComplexity="0" sequenceCoverage="100" branchCoverage="100" crapScore="1" isConstructor="true" isStatic="false" isGetter="false" isSetter="false">
              <Summary numSequencePoints="3" visitedSequencePoints="3" numBranchPoints="1" visitedBranchPoints="1" sequenceCoverage="100" branchCoverage="100" maxCyclomaticComplexity="1" minCyclomaticComplexity="1" maxCrapScore="1" minCrapScore="1" visitedClasses="0" numClasses="0" visitedMethods="1" numMethods="1" />
              <MetadataToken>100663721</MetadataToken>
              <Name>System.Void JeremyAnsel.Media.WavefrontObj.ObjVertex::.ctor(System.Single,System.Single,System.Single)</Name>
              <FileRef uid="36" />
              <SequencePoints>
                <SequencePoint vc="22" uspid="3313" ordinal="0" offset="0" sl="23" sc="13" el="23" ec="59" bec="0" bev="0" fileid="36" />
                <SequencePoint vc="22" uspid="3314" ordinal="1" offset="19" sl="24" sc="13" el="24" ec="31" bec="0" bev="0" fileid="36" />
                <SequencePoint vc="22" uspid="3315" ordinal="2" offset="31" sl="25" sc="9" el="25" ec="10" bec="0" bev="0" fileid="36" />
              </SequencePoints>
              <BranchPoints />
              <MethodPoint xsi:type="SequencePoint" vc="22" uspid="3313" ordinal="0" offset="0" sl="23" sc="13" el="23" ec="59" bec="0" bev="0" fileid="36" />
            </Method>
            <Method visited="true" cyclomaticComplexity="1" nPathComplexity="0" sequenceCoverage="100" branchCoverage="100" crapScore="1" isConstructor="true" isStatic="false" isGetter="false" isSetter="false">
              <Summary numSequencePoints="3" visitedSequencePoints="3" numBranchPoints="1" visitedBranchPoints="1" sequenceCoverage="100" branchCoverage="100" maxCyclomaticComplexity="1" minCyclomaticComplexity="1" maxCrapScore="1" minCrapScore="1" visitedClasses="0" numClasses="0" visitedMethods="1" numMethods="1" />
              <MetadataToken>100663722</MetadataToken>
              <Name>System.Void JeremyAnsel.Media.WavefrontObj.ObjVertex::.ctor(System.Single,System.Single,System.Single,System.Single)</Name>
              <FileRef uid="36" />
              <SequencePoints>
                <SequencePoint vc="5" uspid="3316" ordinal="0" offset="0" sl="29" sc="13" el="29" ec="56" bec="0" bev="0" fileid="36" />
                <SequencePoint vc="5" uspid="3317" ordinal="1" offset="16" sl="30" sc="13" el="30" ec="31" bec="0" bev="0" fileid="36" />
                <SequencePoint vc="5" uspid="3318" ordinal="2" offset="28" sl="31" sc="9" el="31" ec="10" bec="0" bev="0" fileid="36" />
              </SequencePoints>
              <BranchPoints />
              <MethodPoint xsi:type="SequencePoint" vc="5" uspid="3316" ordinal="0" offset="0" sl="29" sc="13" el="29" ec="56" bec="0" bev="0" fileid="36" />
            </Method>
            <Method visited="true" cyclomaticComplexity="1" nPathComplexity="0" sequenceCoverage="100" branchCoverage="100" crapScore="1" isConstructor="true" isStatic="false" isGetter="false" isSetter="false">
              <Summary numSequencePoints="3" visitedSequencePoints="3" numBranchPoints="1" visitedBranchPoints="1" sequenceCoverage="100" branchCoverage="100" maxCyclomaticComplexity="1" minCyclomaticComplexity="1" maxCrapScore="1" minCrapScore="1" visitedClasses="0" numClasses="0" visitedMethods="1" numMethods="1" />
              <MetadataToken>100663723</MetadataToken>
              <Name>System.Void JeremyAnsel.Media.WavefrontObj.ObjVertex::.ctor(System.Single,System.Single,System.Single,System.Single,System.Single,System.Single)</Name>
              <FileRef uid="36" />
              <SequencePoints>
                <SequencePoint vc="1" uspid="3319" ordinal="0" offset="0" sl="35" sc="13" el="35" ec="59" bec="0" bev="0" fileid="36" />
                <SequencePoint vc="1" uspid="3320" ordinal="1" offset="19" sl="36" sc="13" el="36" ec="56" bec="0" bev="0" fileid="36" />
                <SequencePoint vc="1" uspid="3321" ordinal="2" offset="46" sl="37" sc="9" el="37" ec="10" bec="0" bev="0" fileid="36" />
              </SequencePoints>
              <BranchPoints />
              <MethodPoint xsi:type="SequencePoint" vc="1" uspid="3319" ordinal="0" offset="0" sl="35" sc="13" el="35" ec="59" bec="0" bev="0" fileid="36" />
            </Method>
            <Method visited="true" cyclomaticComplexity="1" nPathComplexity="0" sequenceCoverage="100" branchCoverage="100" crapScore="1" isConstructor="true" isStatic="false" isGetter="false" isSetter="false">
              <Summary numSequencePoints="3" visitedSequencePoints="3" numBranchPoints="1" visitedBranchPoints="1" sequenceCoverage="100" branchCoverage="100" maxCyclomaticComplexity="1" minCyclomaticComplexity="1" maxCrapScore="1" minCrapScore="1" visitedClasses="0" numClasses="0" visitedMethods="1" numMethods="1" />
              <MetadataToken>100663724</MetadataToken>
              <Name>System.Void JeremyAnsel.Media.WavefrontObj.ObjVertex::.ctor(System.Single,System.Single,System.Single,System.Single,System.Single,System.Single,System.Single)</Name>
              <FileRef uid="36" />
              <SequencePoints>
                <SequencePoint vc="5" uspid="3322" ordinal="0" offset="0" sl="41" sc="13" el="41" ec="59" bec="0" bev="0" fileid="36" />
                <SequencePoint vc="5" uspid="3323" ordinal="1" offset="19" sl="42" sc="13" el="42" ec="53" bec="0" bev="0" fileid="36" />
                <SequencePoint vc="5" uspid="3324" ordinal="2" offset="43" sl="43" sc="9" el="43" ec="10" bec="0" bev="0" fileid="36" />
              </SequencePoints>
              <BranchPoints />
              <MethodPoint xsi:type="SequencePoint" vc="5" uspid="3322" ordinal="0" offset="0" sl="41" sc="13" el="41" ec="59" bec="0" bev="0" fileid="36" />
            </Method>
          </Methods>
        </Class>
        <Class>
          <Summary numSequencePoints="0" visitedSequencePoints="0" numBranchPoints="0" visitedBranchPoints="0" sequenceCoverage="0" branchCoverage="0" maxCyclomaticComplexity="3" minCyclomaticComplexity="3" maxCrapScore="12" minCrapScore="12" visitedClasses="0" numClasses="0" visitedMethods="0" numMethods="0" />
          <FullName>&lt;PrivateImplementationDetails&gt;</FullName>
          <Methods>
            <Method visited="false" cyclomaticComplexity="3" nPathComplexity="0" sequenceCoverage="0" branchCoverage="0" crapScore="12" isConstructor="false" isStatic="true" isGetter="false" isSetter="false">
              <Summary numSequencePoints="0" visitedSequencePoints="0" numBranchPoints="0" visitedBranchPoints="0" sequenceCoverage="0" branchCoverage="0" maxCyclomaticComplexity="3" minCyclomaticComplexity="3" maxCrapScore="12" minCrapScore="12" visitedClasses="0" numClasses="0" visitedMethods="0" numMethods="0" />
              <MetadataToken>100663729</MetadataToken>
              <Name>System.UInt32 &lt;PrivateImplementationDetails&gt;::ComputeStringHash(System.String)</Name>
              <SequencePoints />
              <BranchPoints />
              <MethodPoint vc="0" uspid="3325" ordinal="0" offset="0" />
            </Method>
          </Methods>
        </Class>
      </Classes>
    </Module>
  </Modules>
</CoverageSession>